This is pdfTeX, Version 3.141592653-2.6-1.40.22 (MiKTeX 21.6) (preloaded format=pdflatex 2021.9.14)  12 APR 2022 12:28
entering extended mode
**./01_theory.tex
(01_theory.tex
LaTeX2e <2021-06-01>
L3 programming layer <2021-06-01>
! Undefined control sequence.
l.1 \chapter
            {–¢–µ–æ—Ä–µ—Ç–∏—á–µ—Å–∫–∞—è —á–∞—Å—Ç—å}
The control sequence at the end of the top line
of your error message was never \def'ed. If you have
misspelled it (e.g., `\hobx'), type `I' and the correct
spelling (e.g., `I\hbox'). Otherwise just continue,
and I'll forget about whatever was undefined.


! Package inputenc Error: Unicode character –¢ (U+0422)
(inputenc)                not set up for use with LaTeX.

See the inputenc package documentation for explanation.
Type  H <return>  for immediate help.
 ...                                              
                                                  
l.1 \chapter{–¢
               –µ–æ—Ä–µ—Ç–∏—á–µ—Å–∫–∞—è —á–∞—Å—Ç—å}
You may provide a definition with
\DeclareUnicodeCharacter 


! Package inputenc Error: Unicode character –µ (U+0435)
(inputenc)                not set up for use with LaTeX.

See the inputenc package documentation for explanation.
Type  H <return>  for immediate help.
 ...                                              
                                                  
l.1 \chapter{–¢–µ
                 –æ—Ä–µ—Ç–∏—á–µ—Å–∫–∞—è —á–∞—Å—Ç—å}
You may provide a definition with
\DeclareUnicodeCharacter 


! Package inputenc Error: Unicode character –æ (U+043E)
(inputenc)                not set up for use with LaTeX.

See the inputenc package documentation for explanation.
Type  H <return>  for immediate help.
 ...                                              
                                                  
l.1 \chapter{–¢–µ–æ
                   —Ä–µ—Ç–∏—á–µ—Å–∫–∞—è —á–∞—Å—Ç—å}
You may provide a definition with
\DeclareUnicodeCharacter 


! Package inputenc Error: Unicode character —Ä (U+0440)
(inputenc)                not set up for use with LaTeX.

See the inputenc package documentation for explanation.
Type  H <return>  for immediate help.
 ...                                              
                                                  
l.1 \chapter{–¢–µ–æ—Ä
                     –µ—Ç–∏—á–µ—Å–∫–∞—è —á–∞—Å—Ç—å}
You may provide a definition with
\DeclareUnicodeCharacter 


! Package inputenc Error: Unicode character –µ (U+0435)
(inputenc)                not set up for use with LaTeX.

See the inputenc package documentation for explanation.
Type  H <return>  for immediate help.
 ...                                              
                                                  
l.1 \chapter{–¢–µ–æ—Ä–µ
                       —Ç–∏—á–µ—Å–∫–∞—è —á–∞—Å—Ç—å}
You may provide a definition with
\DeclareUnicodeCharacter 


! Package inputenc Error: Unicode character —Ç (U+0442)
(inputenc)                not set up for use with LaTeX.

See the inputenc package documentation for explanation.
Type  H <return>  for immediate help.
 ...                                              
                                                  
l.1 \chapter{–¢–µ–æ—Ä–µ—Ç
                         –∏—á–µ—Å–∫–∞—è —á–∞—Å—Ç—å}
You may provide a definition with
\DeclareUnicodeCharacter 


! Package inputenc Error: Unicode character –∏ (U+0438)
(inputenc)                not set up for use with LaTeX.

See the inputenc package documentation for explanation.
Type  H <return>  for immediate help.
 ...                                              
                                                  
l.1 \chapter{–¢–µ–æ—Ä–µ—Ç–∏
                           —á–µ—Å–∫–∞—è —á–∞—Å—Ç—å}
You may provide a definition with
\DeclareUnicodeCharacter 


! Package inputenc Error: Unicode character —á (U+0447)
(inputenc)                not set up for use with LaTeX.

See the inputenc package documentation for explanation.
Type  H <return>  for immediate help.
 ...                                              
                                                  
l.1 \chapter{–¢–µ–æ—Ä–µ—Ç–∏—á
                             –µ—Å–∫–∞—è —á–∞—Å—Ç—å}
You may provide a definition with
\DeclareUnicodeCharacter 


! Package inputenc Error: Unicode character –µ (U+0435)
(inputenc)                not set up for use with LaTeX.

See the inputenc package documentation for explanation.
Type  H <return>  for immediate help.
 ...                                              
                                                  
l.1 \chapter{–¢–µ–æ—Ä–µ—Ç–∏—á–µ
                               —Å–∫–∞—è —á–∞—Å—Ç—å}
You may provide a definition with
\DeclareUnicodeCharacter 


! Package inputenc Error: Unicode character —Å (U+0441)
(inputenc)                not set up for use with LaTeX.

See the inputenc package documentation for explanation.
Type  H <return>  for immediate help.
 ...                                              
                                                  
l.1 \chapter{–¢–µ–æ—Ä–µ—Ç–∏—á–µ—Å
                                 –∫–∞—è —á–∞—Å—Ç—å}
You may provide a definition with
\DeclareUnicodeCharacter 


! Package inputenc Error: Unicode character –∫ (U+043A)
(inputenc)                not set up for use with LaTeX.

See the inputenc package documentation for explanation.
Type  H <return>  for immediate help.
 ...                                              
                                                  
l.1 \chapter{–¢–µ–æ—Ä–µ—Ç–∏—á–µ—Å–∫
                                   –∞—è —á–∞—Å—Ç—å}
You may provide a definition with
\DeclareUnicodeCharacter 


! Package inputenc Error: Unicode character –∞ (U+0430)
(inputenc)                not set up for use with LaTeX.

See the inputenc package documentation for explanation.
Type  H <return>  for immediate help.
 ...                                              
                                                  
l.1 \chapter{–¢–µ–æ—Ä–µ—Ç–∏—á–µ—Å–∫–∞
                                     —è —á–∞—Å—Ç—å}
You may provide a definition with
\DeclareUnicodeCharacter 


! Package inputenc Error: Unicode character —è (U+044F)
(inputenc)                not set up for use with LaTeX.

See the inputenc package documentation for explanation.
Type  H <return>  for immediate help.
 ...                                              
                                                  
l.1 \chapter{–¢–µ–æ—Ä–µ—Ç–∏—á–µ—Å–∫–∞—è
                                        —á–∞—Å—Ç—å}
You may provide a definition with
\DeclareUnicodeCharacter 


! Package inputenc Error: Unicode character —á (U+0447)
(inputenc)                not set up for use with LaTeX.

See the inputenc package documentation for explanation.
Type  H <return>  for immediate help.
 ...                                              
                                                  
l.1 \chapter{–¢–µ–æ—Ä–µ—Ç–∏—á–µ—Å–∫–∞—è —á
                                          –∞—Å—Ç—å}
You may provide a definition with
\DeclareUnicodeCharacter 


! Package inputenc Error: Unicode character –∞ (U+0430)
(inputenc)                not set up for use with LaTeX.

See the inputenc package documentation for explanation.
Type  H <return>  for immediate help.
 ...                                              
                                                  
l.1 \chapter{–¢–µ–æ—Ä–µ—Ç–∏—á–µ—Å–∫–∞—è —á–∞
                                            —Å—Ç—å}
You may provide a definition with
\DeclareUnicodeCharacter 


! Package inputenc Error: Unicode character —Å (U+0441)
(inputenc)                not set up for use with LaTeX.

See the inputenc package documentation for explanation.
Type  H <return>  for immediate help.
 ...                                              
                                                  
l.1 \chapter{–¢–µ–æ—Ä–µ—Ç–∏—á–µ—Å–∫–∞—è —á–∞—Å
                                              —Ç—å}
You may provide a definition with
\DeclareUnicodeCharacter 


! Package inputenc Error: Unicode character —Ç (U+0442)
(inputenc)                not set up for use with LaTeX.

See the inputenc package documentation for explanation.
Type  H <return>  for immediate help.
 ...                                              
                                                  
l.1 \chapter{–¢–µ–æ—Ä–µ—Ç–∏—á–µ—Å–∫–∞—è —á–∞—Å—Ç
                                                —å}
You may provide a definition with
\DeclareUnicodeCharacter 


! Package inputenc Error: Unicode character —å (U+044C)
(inputenc)                not set up for use with LaTeX.

See the inputenc package documentation for explanation.
Type  H <return>  for immediate help.
 ...                                              
                                                  
l.1 \chapter{–¢–µ–æ—Ä–µ—Ç–∏—á–µ—Å–∫–∞—è —á–∞—Å—Ç—å
                                                  }
You may provide a definition with
\DeclareUnicodeCharacter 

! Undefined control sequence.
l.2 \section
            {–ü—Ä–æ–≥—Ä–∞–º–º–∞ –Ω–∞ —è–∑—ã–∫–µ –ü—Ä–æ–ª–æ–≥}
The control sequence at the end of the top line
of your error message was never \def'ed. If you have
misspelled it (e.g., `\hobx'), type `I' and the correct
spelling (e.g., `I\hbox'). Otherwise just continue,
and I'll forget about whatever was undefined.


! Package inputenc Error: Unicode character –ü (U+041F)
(inputenc)                not set up for use with LaTeX.

See the inputenc package documentation for explanation.
Type  H <return>  for immediate help.
 ...                                              
                                                  
l.2 \section{–ü
               —Ä–æ–≥—Ä–∞–º–º–∞ –Ω–∞ —è–∑—ã–∫–µ –ü—Ä–æ–ª–æ–≥}
You may provide a definition with
\DeclareUnicodeCharacter 


! Package inputenc Error: Unicode character —Ä (U+0440)
(inputenc)                not set up for use with LaTeX.

See the inputenc package documentation for explanation.
Type  H <return>  for immediate help.
 ...                                              
                                                  
l.2 \section{–ü—Ä
                 –æ–≥—Ä–∞–º–º–∞ –Ω–∞ —è–∑—ã–∫–µ –ü—Ä–æ–ª–æ–≥}
You may provide a definition with
\DeclareUnicodeCharacter 


! Package inputenc Error: Unicode character –æ (U+043E)
(inputenc)                not set up for use with LaTeX.

See the inputenc package documentation for explanation.
Type  H <return>  for immediate help.
 ...                                              
                                                  
l.2 \section{–ü—Ä–æ
                   –≥—Ä–∞–º–º–∞ –Ω–∞ —è–∑—ã–∫–µ –ü—Ä–æ–ª–æ–≥}
You may provide a definition with
\DeclareUnicodeCharacter 


! Package inputenc Error: Unicode character –≥ (U+0433)
(inputenc)                not set up for use with LaTeX.

See the inputenc package documentation for explanation.
Type  H <return>  for immediate help.
 ...                                              
                                                  
l.2 \section{–ü—Ä–æ–≥
                     —Ä–∞–º–º–∞ –Ω–∞ —è–∑—ã–∫–µ –ü—Ä–æ–ª–æ–≥}
You may provide a definition with
\DeclareUnicodeCharacter 


! Package inputenc Error: Unicode character —Ä (U+0440)
(inputenc)                not set up for use with LaTeX.

See the inputenc package documentation for explanation.
Type  H <return>  for immediate help.
 ...                                              
                                                  
l.2 \section{–ü—Ä–æ–≥—Ä
                       –∞–º–º–∞ –Ω–∞ —è–∑—ã–∫–µ –ü—Ä–æ–ª–æ–≥}
You may provide a definition with
\DeclareUnicodeCharacter 


! Package inputenc Error: Unicode character –∞ (U+0430)
(inputenc)                not set up for use with LaTeX.

See the inputenc package documentation for explanation.
Type  H <return>  for immediate help.
 ...                                              
                                                  
l.2 \section{–ü—Ä–æ–≥—Ä–∞
                         –º–º–∞ –Ω–∞ —è–∑—ã–∫–µ –ü—Ä–æ–ª–æ–≥}
You may provide a definition with
\DeclareUnicodeCharacter 


! Package inputenc Error: Unicode character –º (U+043C)
(inputenc)                not set up for use with LaTeX.

See the inputenc package documentation for explanation.
Type  H <return>  for immediate help.
 ...                                              
                                                  
l.2 \section{–ü—Ä–æ–≥—Ä–∞–º
                           –º–∞ –Ω–∞ —è–∑—ã–∫–µ –ü—Ä–æ–ª–æ–≥}
You may provide a definition with
\DeclareUnicodeCharacter 


! Package inputenc Error: Unicode character –º (U+043C)
(inputenc)                not set up for use with LaTeX.

See the inputenc package documentation for explanation.
Type  H <return>  for immediate help.
 ...                                              
                                                  
l.2 \section{–ü—Ä–æ–≥—Ä–∞–º–º
                             –∞ –Ω–∞ —è–∑—ã–∫–µ –ü—Ä–æ–ª–æ–≥}
You may provide a definition with
\DeclareUnicodeCharacter 


! Package inputenc Error: Unicode character –∞ (U+0430)
(inputenc)                not set up for use with LaTeX.

See the inputenc package documentation for explanation.
Type  H <return>  for immediate help.
 ...                                              
                                                  
l.2 \section{–ü—Ä–æ–≥—Ä–∞–º–º–∞
                                –Ω–∞ —è–∑—ã–∫–µ –ü—Ä–æ–ª–æ–≥}
You may provide a definition with
\DeclareUnicodeCharacter 


! Package inputenc Error: Unicode character –Ω (U+043D)
(inputenc)                not set up for use with LaTeX.

See the inputenc package documentation for explanation.
Type  H <return>  for immediate help.
 ...                                              
                                                  
l.2 \section{–ü—Ä–æ–≥—Ä–∞–º–º–∞ –Ω
                                  –∞ —è–∑—ã–∫–µ –ü—Ä–æ–ª–æ–≥}
You may provide a definition with
\DeclareUnicodeCharacter 


! Package inputenc Error: Unicode character –∞ (U+0430)
(inputenc)                not set up for use with LaTeX.

See the inputenc package documentation for explanation.
Type  H <return>  for immediate help.
 ...                                              
                                                  
l.2 \section{–ü—Ä–æ–≥—Ä–∞–º–º–∞ –Ω–∞
                                     —è–∑—ã–∫–µ –ü—Ä–æ–ª–æ–≥}
You may provide a definition with
\DeclareUnicodeCharacter 


! Package inputenc Error: Unicode character —è (U+044F)
(inputenc)                not set up for use with LaTeX.

See the inputenc package documentation for explanation.
Type  H <return>  for immediate help.
 ...                                              
                                                  
l.2 \section{–ü—Ä–æ–≥—Ä–∞–º–º–∞ –Ω–∞ —è
                                       –∑—ã–∫–µ –ü—Ä–æ–ª–æ–≥}
You may provide a definition with
\DeclareUnicodeCharacter 


! Package inputenc Error: Unicode character –∑ (U+0437)
(inputenc)                not set up for use with LaTeX.

See the inputenc package documentation for explanation.
Type  H <return>  for immediate help.
 ...                                              
                                                  
l.2 \section{–ü—Ä–æ–≥—Ä–∞–º–º–∞ –Ω–∞ —è–∑
                                         —ã–∫–µ –ü—Ä–æ–ª–æ–≥}
You may provide a definition with
\DeclareUnicodeCharacter 


! Package inputenc Error: Unicode character —ã (U+044B)
(inputenc)                not set up for use with LaTeX.

See the inputenc package documentation for explanation.
Type  H <return>  for immediate help.
 ...                                              
                                                  
l.2 \section{–ü—Ä–æ–≥—Ä–∞–º–º–∞ –Ω–∞ —è–∑—ã
                                           –∫–µ –ü—Ä–æ–ª–æ–≥}
You may provide a definition with
\DeclareUnicodeCharacter 


! Package inputenc Error: Unicode character –∫ (U+043A)
(inputenc)                not set up for use with LaTeX.

See the inputenc package documentation for explanation.
Type  H <return>  for immediate help.
 ...                                              
                                                  
l.2 \section{–ü—Ä–æ–≥—Ä–∞–º–º–∞ –Ω–∞ —è–∑—ã–∫
                                             –µ –ü—Ä–æ–ª–æ–≥}
You may provide a definition with
\DeclareUnicodeCharacter 


! Package inputenc Error: Unicode character –µ (U+0435)
(inputenc)                not set up for use with LaTeX.

See the inputenc package documentation for explanation.
Type  H <return>  for immediate help.
 ...                                              
                                                  
l.2 \section{–ü—Ä–æ–≥—Ä–∞–º–º–∞ –Ω–∞ —è–∑—ã–∫–µ
                                                –ü—Ä–æ–ª–æ–≥}
You may provide a definition with
\DeclareUnicodeCharacter 


! Package inputenc Error: Unicode character –ü (U+041F)
(inputenc)                not set up for use with LaTeX.

See the inputenc package documentation for explanation.
Type  H <return>  for immediate help.
 ...                                              
                                                  
l.2 \section{–ü—Ä–æ–≥—Ä–∞–º–º–∞ –Ω–∞ —è–∑—ã–∫–µ –ü
                                                  —Ä–æ–ª–æ–≥}
You may provide a definition with
\DeclareUnicodeCharacter 


! Package inputenc Error: Unicode character —Ä (U+0440)
(inputenc)                not set up for use with LaTeX.

See the inputenc package documentation for explanation.
Type  H <return>  for immediate help.
 ...                                              
                                                  
l.2 ...ion{–ü—Ä–æ–≥—Ä–∞–º–º–∞ –Ω–∞ —è–∑—ã–∫–µ –ü—Ä
                                                  –æ–ª–æ–≥}
You may provide a definition with
\DeclareUnicodeCharacter 


! Package inputenc Error: Unicode character –æ (U+043E)
(inputenc)                not set up for use with LaTeX.

See the inputenc package documentation for explanation.
Type  H <return>  for immediate help.
 ...                                              
                                                  
l.2 ...n{–ü—Ä–æ–≥—Ä–∞–º–º–∞ –Ω–∞ —è–∑—ã–∫–µ –ü—Ä–æ
                                                  –ª–æ–≥}
You may provide a definition with
\DeclareUnicodeCharacter 


! Package inputenc Error: Unicode character –ª (U+043B)
(inputenc)                not set up for use with LaTeX.

See the inputenc package documentation for explanation.
Type  H <return>  for immediate help.
 ...                                              
                                                  
l.2 ...–ü—Ä–æ–≥—Ä–∞–º–º–∞ –Ω–∞ —è–∑—ã–∫–µ –ü—Ä–æ–ª
                                                  –æ–≥}
You may provide a definition with
\DeclareUnicodeCharacter 


! Package inputenc Error: Unicode character –æ (U+043E)
(inputenc)                not set up for use with LaTeX.

See the inputenc package documentation for explanation.
Type  H <return>  for immediate help.
 ...                                              
                                                  
l.2 ...—Ä–æ–≥—Ä–∞–º–º–∞ –Ω–∞ —è–∑—ã–∫–µ –ü—Ä–æ–ª–æ
                                                  –≥}
You may provide a definition with
\DeclareUnicodeCharacter 


! Package inputenc Error: Unicode character –≥ (U+0433)
(inputenc)                not set up for use with LaTeX.

See the inputenc package documentation for explanation.
Type  H <return>  for immediate help.
 ...                                              
                                                  
l.2 ...–æ–≥—Ä–∞–º–º–∞ –Ω–∞ —è–∑—ã–∫–µ –ü—Ä–æ–ª–æ–≥
                                                  }
You may provide a definition with
\DeclareUnicodeCharacter 


! LaTeX Error: Missing \begin{document}.

See the LaTeX manual or LaTeX Companion for explanation.
Type  H <return>  for immediate help.
 ...                                              
                                                  
l.3 ...tbf{–ü—Ä–æ–≥—Ä–∞–º–º–∞ –Ω–∞ –ü—Ä–æ–ª–æ–≥–µ}
                                                   —Å–æ—Å—Ç–æ–∏—Ç –∏–∑ –±–∞–...

You're in trouble here.  Try typing  <return>  to proceed.
If that doesn't work, type  X <return>  to quit.


! Package inputenc Error: Unicode character –ü (U+041F)
(inputenc)                not set up for use with LaTeX.

See the inputenc package documentation for explanation.
Type  H <return>  for immediate help.
 ...                                              
                                                  
l.3 ...tbf{–ü—Ä–æ–≥—Ä–∞–º–º–∞ –Ω–∞ –ü—Ä–æ–ª–æ–≥–µ}
                                                   —Å–æ—Å—Ç–æ–∏—Ç –∏–∑ –±–∞–...

You may provide a definition with
\DeclareUnicodeCharacter 


! Package inputenc Error: Unicode character —Ä (U+0440)
(inputenc)                not set up for use with LaTeX.

See the inputenc package documentation for explanation.
Type  H <return>  for immediate help.
 ...                                              
                                                  
l.3 ...tbf{–ü—Ä–æ–≥—Ä–∞–º–º–∞ –Ω–∞ –ü—Ä–æ–ª–æ–≥–µ}
                                                   —Å–æ—Å—Ç–æ–∏—Ç –∏–∑ –±–∞–...

You may provide a definition with
\DeclareUnicodeCharacter 


! Package inputenc Error: Unicode character –æ (U+043E)
(inputenc)                not set up for use with LaTeX.

See the inputenc package documentation for explanation.
Type  H <return>  for immediate help.
 ...                                              
                                                  
l.3 ...tbf{–ü—Ä–æ–≥—Ä–∞–º–º–∞ –Ω–∞ –ü—Ä–æ–ª–æ–≥–µ}
                                                   —Å–æ—Å—Ç–æ–∏—Ç –∏–∑ –±–∞–...

You may provide a definition with
\DeclareUnicodeCharacter 


! Package inputenc Error: Unicode character –≥ (U+0433)
(inputenc)                not set up for use with LaTeX.

See the inputenc package documentation for explanation.
Type  H <return>  for immediate help.
 ...                                              
                                                  
l.3 ...tbf{–ü—Ä–æ–≥—Ä–∞–º–º–∞ –Ω–∞ –ü—Ä–æ–ª–æ–≥–µ}
                                                   —Å–æ—Å—Ç–æ–∏—Ç –∏–∑ –±–∞–...

You may provide a definition with
\DeclareUnicodeCharacter 


! Package inputenc Error: Unicode character —Ä (U+0440)
(inputenc)                not set up for use with LaTeX.

See the inputenc package documentation for explanation.
Type  H <return>  for immediate help.
 ...                                              
                                                  
l.3 ...tbf{–ü—Ä–æ–≥—Ä–∞–º–º–∞ –Ω–∞ –ü—Ä–æ–ª–æ–≥–µ}
                                                   —Å–æ—Å—Ç–æ–∏—Ç –∏–∑ –±–∞–...

You may provide a definition with
\DeclareUnicodeCharacter 


! Package inputenc Error: Unicode character –∞ (U+0430)
(inputenc)                not set up for use with LaTeX.

See the inputenc package documentation for explanation.
Type  H <return>  for immediate help.
 ...                                              
                                                  
l.3 ...tbf{–ü—Ä–æ–≥—Ä–∞–º–º–∞ –Ω–∞ –ü—Ä–æ–ª–æ–≥–µ}
                                                   —Å–æ—Å—Ç–æ–∏—Ç –∏–∑ –±–∞–...

You may provide a definition with
\DeclareUnicodeCharacter 


! Package inputenc Error: Unicode character –º (U+043C)
(inputenc)                not set up for use with LaTeX.

See the inputenc package documentation for explanation.
Type  H <return>  for immediate help.
 ...                                              
                                                  
l.3 ...tbf{–ü—Ä–æ–≥—Ä–∞–º–º–∞ –Ω–∞ –ü—Ä–æ–ª–æ–≥–µ}
                                                   —Å–æ—Å—Ç–æ–∏—Ç –∏–∑ –±–∞–...

You may provide a definition with
\DeclareUnicodeCharacter 


! Package inputenc Error: Unicode character –º (U+043C)
(inputenc)                not set up for use with LaTeX.

See the inputenc package documentation for explanation.
Type  H <return>  for immediate help.
 ...                                              
                                                  
l.3 ...tbf{–ü—Ä–æ–≥—Ä–∞–º–º–∞ –Ω–∞ –ü—Ä–æ–ª–æ–≥–µ}
                                                   —Å–æ—Å—Ç–æ–∏—Ç –∏–∑ –±–∞–...

You may provide a definition with
\DeclareUnicodeCharacter 


! Package inputenc Error: Unicode character –∞ (U+0430)
(inputenc)                not set up for use with LaTeX.

See the inputenc package documentation for explanation.
Type  H <return>  for immediate help.
 ...                                              
                                                  
l.3 ...tbf{–ü—Ä–æ–≥—Ä–∞–º–º–∞ –Ω–∞ –ü—Ä–æ–ª–æ–≥–µ}
                                                   —Å–æ—Å—Ç–æ–∏—Ç –∏–∑ –±–∞–...

You may provide a definition with
\DeclareUnicodeCharacter 


! Package inputenc Error: Unicode character –Ω (U+043D)
(inputenc)                not set up for use with LaTeX.

See the inputenc package documentation for explanation.
Type  H <return>  for immediate help.
 ...                                              
                                                  
l.3 ...tbf{–ü—Ä–æ–≥—Ä–∞–º–º–∞ –Ω–∞ –ü—Ä–æ–ª–æ–≥–µ}
                                                   —Å–æ—Å—Ç–æ–∏—Ç –∏–∑ –±–∞–...

You may provide a definition with
\DeclareUnicodeCharacter 


! Package inputenc Error: Unicode character –∞ (U+0430)
(inputenc)                not set up for use with LaTeX.

See the inputenc package documentation for explanation.
Type  H <return>  for immediate help.
 ...                                              
                                                  
l.3 ...tbf{–ü—Ä–æ–≥—Ä–∞–º–º–∞ –Ω–∞ –ü—Ä–æ–ª–æ–≥–µ}
                                                   —Å–æ—Å—Ç–æ–∏—Ç –∏–∑ –±–∞–...

You may provide a definition with
\DeclareUnicodeCharacter 


! Package inputenc Error: Unicode character –ü (U+041F)
(inputenc)                not set up for use with LaTeX.

See the inputenc package documentation for explanation.
Type  H <return>  for immediate help.
 ...                                              
                                                  
l.3 ...tbf{–ü—Ä–æ–≥—Ä–∞–º–º–∞ –Ω–∞ –ü—Ä–æ–ª–æ–≥–µ}
                                                   —Å–æ—Å—Ç–æ–∏—Ç –∏–∑ –±–∞–...

You may provide a definition with
\DeclareUnicodeCharacter 


! Package inputenc Error: Unicode character —Ä (U+0440)
(inputenc)                not set up for use with LaTeX.

See the inputenc package documentation for explanation.
Type  H <return>  for immediate help.
 ...                                              
                                                  
l.3 ...tbf{–ü—Ä–æ–≥—Ä–∞–º–º–∞ –Ω–∞ –ü—Ä–æ–ª–æ–≥–µ}
                                                   —Å–æ—Å—Ç–æ–∏—Ç –∏–∑ –±–∞–...

You may provide a definition with
\DeclareUnicodeCharacter 


! Package inputenc Error: Unicode character –æ (U+043E)
(inputenc)                not set up for use with LaTeX.

See the inputenc package documentation for explanation.
Type  H <return>  for immediate help.
 ...                                              
                                                  
l.3 ...tbf{–ü—Ä–æ–≥—Ä–∞–º–º–∞ –Ω–∞ –ü—Ä–æ–ª–æ–≥–µ}
                                                   —Å–æ—Å—Ç–æ–∏—Ç –∏–∑ –±–∞–...

You may provide a definition with
\DeclareUnicodeCharacter 


! Package inputenc Error: Unicode character –ª (U+043B)
(inputenc)                not set up for use with LaTeX.

See the inputenc package documentation for explanation.
Type  H <return>  for immediate help.
 ...                                              
                                                  
l.3 ...tbf{–ü—Ä–æ–≥—Ä–∞–º–º–∞ –Ω–∞ –ü—Ä–æ–ª–æ–≥–µ}
                                                   —Å–æ—Å—Ç–æ–∏—Ç –∏–∑ –±–∞–...

You may provide a definition with
\DeclareUnicodeCharacter 


! Package inputenc Error: Unicode character –æ (U+043E)
(inputenc)                not set up for use with LaTeX.

See the inputenc package documentation for explanation.
Type  H <return>  for immediate help.
 ...                                              
                                                  
l.3 ...tbf{–ü—Ä–æ–≥—Ä–∞–º–º–∞ –Ω–∞ –ü—Ä–æ–ª–æ–≥–µ}
                                                   —Å–æ—Å—Ç–æ–∏—Ç –∏–∑ –±–∞–...

You may provide a definition with
\DeclareUnicodeCharacter 


! Package inputenc Error: Unicode character –≥ (U+0433)
(inputenc)                not set up for use with LaTeX.

See the inputenc package documentation for explanation.
Type  H <return>  for immediate help.
 ...                                              
                                                  
l.3 ...tbf{–ü—Ä–æ–≥—Ä–∞–º–º–∞ –Ω–∞ –ü—Ä–æ–ª–æ–≥–µ}
                                                   —Å–æ—Å—Ç–æ–∏—Ç –∏–∑ –±–∞–...

You may provide a definition with
\DeclareUnicodeCharacter 


! Package inputenc Error: Unicode character –µ (U+0435)
(inputenc)                not set up for use with LaTeX.

See the inputenc package documentation for explanation.
Type  H <return>  for immediate help.
 ...                                              
                                                  
l.3 ...tbf{–ü—Ä–æ–≥—Ä–∞–º–º–∞ –Ω–∞ –ü—Ä–æ–ª–æ–≥–µ}
                                                   —Å–æ—Å—Ç–æ–∏—Ç –∏–∑ –±–∞–...

You may provide a definition with
\DeclareUnicodeCharacter 


! Package inputenc Error: Unicode character —Å (U+0441)
(inputenc)                not set up for use with LaTeX.

See the inputenc package documentation for explanation.
Type  H <return>  for immediate help.
 ...                                              
                                                  
l.3 ...{–ü—Ä–æ–≥—Ä–∞–º–º–∞ –Ω–∞ –ü—Ä–æ–ª–æ–≥–µ} —Å
                                                  –æ—Å—Ç–æ–∏—Ç –∏–∑ –±–∞–∑—ã...

You may provide a definition with
\DeclareUnicodeCharacter 


! Package inputenc Error: Unicode character –æ (U+043E)
(inputenc)                not set up for use with LaTeX.

See the inputenc package documentation for explanation.
Type  H <return>  for immediate help.
 ...                                              
                                                  
l.3 ...ü—Ä–æ–≥—Ä–∞–º–º–∞ –Ω–∞ –ü—Ä–æ–ª–æ–≥–µ} —Å–æ
                                                  —Å—Ç–æ–∏—Ç –∏–∑ –±–∞–∑—ã –...

You may provide a definition with
\DeclareUnicodeCharacter 


! Package inputenc Error: Unicode character —Å (U+0441)
(inputenc)                not set up for use with LaTeX.

See the inputenc package documentation for explanation.
Type  H <return>  for immediate help.
 ...                                              
                                                  
l.3 ...Ä–æ–≥—Ä–∞–º–º–∞ –Ω–∞ –ü—Ä–æ–ª–æ–≥–µ} —Å–æ—Å
                                                  —Ç–æ–∏—Ç –∏–∑ –±–∞–∑—ã –∑–...

You may provide a definition with
\DeclareUnicodeCharacter 


! Package inputenc Error: Unicode character —Ç (U+0442)
(inputenc)                not set up for use with LaTeX.

See the inputenc package documentation for explanation.
Type  H <return>  for immediate help.
 ...                                              
                                                  
l.3 ...æ–≥—Ä–∞–º–º–∞ –Ω–∞ –ü—Ä–æ–ª–æ–≥–µ} —Å–æ—Å—Ç
                                                  –æ–∏—Ç –∏–∑ –±–∞–∑—ã –∑–Ω–...

You may provide a definition with
\DeclareUnicodeCharacter 


! Package inputenc Error: Unicode character –æ (U+043E)
(inputenc)                not set up for use with LaTeX.

See the inputenc package documentation for explanation.
Type  H <return>  for immediate help.
 ...                                              
                                                  
l.3 ...≥—Ä–∞–º–º–∞ –Ω–∞ –ü—Ä–æ–ª–æ–≥–µ} —Å–æ—Å—Ç–æ
                                                  –∏—Ç –∏–∑ –±–∞–∑—ã –∑–Ω–∞–...

You may provide a definition with
\DeclareUnicodeCharacter 


! Package inputenc Error: Unicode character –∏ (U+0438)
(inputenc)                not set up for use with LaTeX.

See the inputenc package documentation for explanation.
Type  H <return>  for immediate help.
 ...                                              
                                                  
l.3 ...Ä–∞–º–º–∞ –Ω–∞ –ü—Ä–æ–ª–æ–≥–µ} —Å–æ—Å—Ç–æ–∏
                                                  —Ç –∏–∑ –±–∞–∑—ã –∑–Ω–∞–Ω–...

You may provide a definition with
\DeclareUnicodeCharacter 


! Package inputenc Error: Unicode character —Ç (U+0442)
(inputenc)                not set up for use with LaTeX.

See the inputenc package documentation for explanation.
Type  H <return>  for immediate help.
 ...                                              
                                                  
l.3 ...∞–º–º–∞ –Ω–∞ –ü—Ä–æ–ª–æ–≥–µ} —Å–æ—Å—Ç–æ–∏—Ç
                                                   –∏–∑ –±–∞–∑—ã –∑–Ω–∞–Ω–∏–...

You may provide a definition with
\DeclareUnicodeCharacter 


! Package inputenc Error: Unicode character –∏ (U+0438)
(inputenc)                not set up for use with LaTeX.

See the inputenc package documentation for explanation.
Type  H <return>  for immediate help.
 ...                                              
                                                  
l.3 ...–º–∞ –Ω–∞ –ü—Ä–æ–ª–æ–≥–µ} —Å–æ—Å—Ç–æ–∏—Ç –∏
                                                  –∑ –±–∞–∑—ã –∑–Ω–∞–Ω–∏–π –...

You may provide a definition with
\DeclareUnicodeCharacter 


! Package inputenc Error: Unicode character –∑ (U+0437)
(inputenc)                not set up for use with LaTeX.

See the inputenc package documentation for explanation.
Type  H <return>  for immediate help.
 ...                                              
                                                  
l.3 ...–∞ –Ω–∞ –ü—Ä–æ–ª–æ–≥–µ} —Å–æ—Å—Ç–æ–∏—Ç –∏–∑
                                                   –±–∞–∑—ã –∑–Ω–∞–Ω–∏–π –∏ ...

You may provide a definition with
\DeclareUnicodeCharacter 


! Package inputenc Error: Unicode character –± (U+0431)
(inputenc)                not set up for use with LaTeX.

See the inputenc package documentation for explanation.
Type  H <return>  for immediate help.
 ...                                              
                                                  
l.3 ...–Ω–∞ –ü—Ä–æ–ª–æ–≥–µ} —Å–æ—Å—Ç–æ–∏—Ç –∏–∑ –±
                                                  –∞–∑—ã –∑–Ω–∞–Ω–∏–π –∏ –≤–...

You may provide a definition with
\DeclareUnicodeCharacter 


! Package inputenc Error: Unicode character –∞ (U+0430)
(inputenc)                not set up for use with LaTeX.

See the inputenc package documentation for explanation.
Type  H <return>  for immediate help.
 ...                                              
                                                  
l.3 ...–∞ –ü—Ä–æ–ª–æ–≥–µ} —Å–æ—Å—Ç–æ–∏—Ç –∏–∑ –±–∞
                                                  –∑—ã –∑–Ω–∞–Ω–∏–π –∏ –≤–æ–...

You may provide a definition with
\DeclareUnicodeCharacter 


! Package inputenc Error: Unicode character –∑ (U+0437)
(inputenc)                not set up for use with LaTeX.

See the inputenc package documentation for explanation.
Type  H <return>  for immediate help.
 ...                                              
                                                  
l.3 ... –ü—Ä–æ–ª–æ–≥–µ} —Å–æ—Å—Ç–æ–∏—Ç –∏–∑ –±–∞–∑
                                                  —ã –∑–Ω–∞–Ω–∏–π –∏ –≤–æ–ø—...

You may provide a definition with
\DeclareUnicodeCharacter 


! Package inputenc Error: Unicode character —ã (U+044B)
(inputenc)                not set up for use with LaTeX.

See the inputenc package documentation for explanation.
Type  H <return>  for immediate help.
 ...                                              
                                                  
l.3 ...ü—Ä–æ–ª–æ–≥–µ} —Å–æ—Å—Ç–æ–∏—Ç –∏–∑ –±–∞–∑—ã
                                                   –∑–Ω–∞–Ω–∏–π –∏ –≤–æ–ø—Ä–...

You may provide a definition with
\DeclareUnicodeCharacter 


! Package inputenc Error: Unicode character –∑ (U+0437)
(inputenc)                not set up for use with LaTeX.

See the inputenc package documentation for explanation.
Type  H <return>  for immediate help.
 ...                                              
                                                  
l.3 ...–æ–ª–æ–≥–µ} —Å–æ—Å—Ç–æ–∏—Ç –∏–∑ –±–∞–∑—ã –∑
                                                  –Ω–∞–Ω–∏–π –∏ –≤–æ–ø—Ä–æ—Å...

You may provide a definition with
\DeclareUnicodeCharacter 


! Package inputenc Error: Unicode character –Ω (U+043D)
(inputenc)                not set up for use with LaTeX.

See the inputenc package documentation for explanation.
Type  H <return>  for immediate help.
 ...                                              
                                                  
l.3 ...–ª–æ–≥–µ} —Å–æ—Å—Ç–æ–∏—Ç –∏–∑ –±–∞–∑—ã –∑–Ω
                                                  –∞–Ω–∏–π –∏ –≤–æ–ø—Ä–æ—Å–∞...

You may provide a definition with
\DeclareUnicodeCharacter 


! Package inputenc Error: Unicode character –∞ (U+0430)
(inputenc)                not set up for use with LaTeX.

See the inputenc package documentation for explanation.
Type  H <return>  for immediate help.
 ...                                              
                                                  
l.3 ...–æ–≥–µ} —Å–æ—Å—Ç–æ–∏—Ç –∏–∑ –±–∞–∑—ã –∑–Ω–∞
                                                  –Ω–∏–π –∏ –≤–æ–ø—Ä–æ—Å–∞. ...

You may provide a definition with
\DeclareUnicodeCharacter 


! Package inputenc Error: Unicode character –Ω (U+043D)
(inputenc)                not set up for use with LaTeX.

See the inputenc package documentation for explanation.
Type  H <return>  for immediate help.
 ...                                              
                                                  
l.3 ...–≥–µ} —Å–æ—Å—Ç–æ–∏—Ç –∏–∑ –±–∞–∑—ã –∑–Ω–∞–Ω
                                                  –∏–π –∏ –≤–æ–ø—Ä–æ—Å–∞. –ë...

You may provide a definition with
\DeclareUnicodeCharacter 


! Package inputenc Error: Unicode character –∏ (U+0438)
(inputenc)                not set up for use with LaTeX.

See the inputenc package documentation for explanation.
Type  H <return>  for immediate help.
 ...                                              
                                                  
l.3 ...–µ} —Å–æ—Å—Ç–æ–∏—Ç –∏–∑ –±–∞–∑—ã –∑–Ω–∞–Ω–∏
                                                  –π –∏ –≤–æ–ø—Ä–æ—Å–∞. –ë–∞...

You may provide a definition with
\DeclareUnicodeCharacter 


! Package inputenc Error: Unicode character –π (U+0439)
(inputenc)                not set up for use with LaTeX.

See the inputenc package documentation for explanation.
Type  H <return>  for immediate help.
 ...                                              
                                                  
l.3 ...} —Å–æ—Å—Ç–æ–∏—Ç –∏–∑ –±–∞–∑—ã –∑–Ω–∞–Ω–∏–π
                                                   –∏ –≤–æ–ø—Ä–æ—Å–∞. –ë–∞–∑...

You may provide a definition with
\DeclareUnicodeCharacter 


! Package inputenc Error: Unicode character –∏ (U+0438)
(inputenc)                not set up for use with LaTeX.

See the inputenc package documentation for explanation.
Type  H <return>  for immediate help.
 ...                                              
                                                  
l.3 ...Å–æ—Å—Ç–æ–∏—Ç –∏–∑ –±–∞–∑—ã –∑–Ω–∞–Ω–∏–π –∏
                                                   –≤–æ–ø—Ä–æ—Å–∞. –ë–∞–∑–∞ ...

You may provide a definition with
\DeclareUnicodeCharacter 


! Package inputenc Error: Unicode character –≤ (U+0432)
(inputenc)                not set up for use with LaTeX.

See the inputenc package documentation for explanation.
Type  H <return>  for immediate help.
 ...                                              
                                                  
l.3 ...—Å—Ç–æ–∏—Ç –∏–∑ –±–∞–∑—ã –∑–Ω–∞–Ω–∏–π –∏ –≤
                                                  –æ–ø—Ä–æ—Å–∞. –ë–∞–∑–∞ –∑–...

You may provide a definition with
\DeclareUnicodeCharacter 


! Package inputenc Error: Unicode character –æ (U+043E)
(inputenc)                not set up for use with LaTeX.

See the inputenc package documentation for explanation.
Type  H <return>  for immediate help.
 ...                                              
                                                  
l.3 ...—Ç–æ–∏—Ç –∏–∑ –±–∞–∑—ã –∑–Ω–∞–Ω–∏–π –∏ –≤–æ
                                                  –ø—Ä–æ—Å–∞. –ë–∞–∑–∞ –∑–Ω–...

You may provide a definition with
\DeclareUnicodeCharacter 


! Package inputenc Error: Unicode character –ø (U+043F)
(inputenc)                not set up for use with LaTeX.

See the inputenc package documentation for explanation.
Type  H <return>  for immediate help.
 ...                                              
                                                  
l.3 ...–æ–∏—Ç –∏–∑ –±–∞–∑—ã –∑–Ω–∞–Ω–∏–π –∏ –≤–æ–ø
                                                  —Ä–æ—Å–∞. –ë–∞–∑–∞ –∑–Ω–∞–...

You may provide a definition with
\DeclareUnicodeCharacter 


! Package inputenc Error: Unicode character —Ä (U+0440)
(inputenc)                not set up for use with LaTeX.

See the inputenc package documentation for explanation.
Type  H <return>  for immediate help.
 ...                                              
                                                  
l.3 ...–∏—Ç –∏–∑ –±–∞–∑—ã –∑–Ω–∞–Ω–∏–π –∏ –≤–æ–ø—Ä
                                                  –æ—Å–∞. –ë–∞–∑–∞ –∑–Ω–∞–Ω–...

You may provide a definition with
\DeclareUnicodeCharacter 


! Package inputenc Error: Unicode character –æ (U+043E)
(inputenc)                not set up for use with LaTeX.

See the inputenc package documentation for explanation.
Type  H <return>  for immediate help.
 ...                                              
                                                  
l.3 ...—Ç –∏–∑ –±–∞–∑—ã –∑–Ω–∞–Ω–∏–π –∏ –≤–æ–ø—Ä–æ
                                                  —Å–∞. –ë–∞–∑–∞ –∑–Ω–∞–Ω–∏–...

You may provide a definition with
\DeclareUnicodeCharacter 


! Package inputenc Error: Unicode character —Å (U+0441)
(inputenc)                not set up for use with LaTeX.

See the inputenc package documentation for explanation.
Type  H <return>  for immediate help.
 ...                                              
                                                  
l.3 ... –∏–∑ –±–∞–∑—ã –∑–Ω–∞–Ω–∏–π –∏ –≤–æ–ø—Ä–æ—Å
                                                  –∞. –ë–∞–∑–∞ –∑–Ω–∞–Ω–∏–π ...

You may provide a definition with
\DeclareUnicodeCharacter 


! Package inputenc Error: Unicode character –∞ (U+0430)
(inputenc)                not set up for use with LaTeX.

See the inputenc package documentation for explanation.
Type  H <return>  for immediate help.
 ...                                              
                                                  
l.3 ...∏–∑ –±–∞–∑—ã –∑–Ω–∞–Ω–∏–π –∏ –≤–æ–ø—Ä–æ—Å–∞
                                                  . –ë–∞–∑–∞ –∑–Ω–∞–Ω–∏–π –≤...

You may provide a definition with
\DeclareUnicodeCharacter 

Missing character: There is no . in font nullfont!

! Package inputenc Error: Unicode character –ë (U+0411)
(inputenc)                not set up for use with LaTeX.

See the inputenc package documentation for explanation.
Type  H <return>  for immediate help.
 ...                                              
                                                  
l.3 ...–±–∞–∑—ã –∑–Ω–∞–Ω–∏–π –∏ –≤–æ–ø—Ä–æ—Å–∞. –ë
                                                  –∞–∑–∞ –∑–Ω–∞–Ω–∏–π –≤ —Å–...

You may provide a definition with
\DeclareUnicodeCharacter 


! Package inputenc Error: Unicode character –∞ (U+0430)
(inputenc)                not set up for use with LaTeX.

See the inputenc package documentation for explanation.
Type  H <return>  for immediate help.
 ...                                              
                                                  
l.3 ...–∞–∑—ã –∑–Ω–∞–Ω–∏–π –∏ –≤–æ–ø—Ä–æ—Å–∞. –ë–∞
                                                  –∑–∞ –∑–Ω–∞–Ω–∏–π –≤ —Å–≤–...

You may provide a definition with
\DeclareUnicodeCharacter 


! Package inputenc Error: Unicode character –∑ (U+0437)
(inputenc)                not set up for use with LaTeX.

See the inputenc package documentation for explanation.
Type  H <return>  for immediate help.
 ...                                              
                                                  
l.3 ...–∑—ã –∑–Ω–∞–Ω–∏–π –∏ –≤–æ–ø—Ä–æ—Å–∞. –ë–∞–∑
                                                  –∞ –∑–Ω–∞–Ω–∏–π –≤ —Å–≤–æ—...

You may provide a definition with
\DeclareUnicodeCharacter 


! Package inputenc Error: Unicode character –∞ (U+0430)
(inputenc)                not set up for use with LaTeX.

See the inputenc package documentation for explanation.
Type  H <return>  for immediate help.
 ...                                              
                                                  
l.3 ...—ã –∑–Ω–∞–Ω–∏–π –∏ –≤–æ–ø—Ä–æ—Å–∞. –ë–∞–∑–∞
                                                   –∑–Ω–∞–Ω–∏–π –≤ —Å–≤–æ—é ...

You may provide a definition with
\DeclareUnicodeCharacter 


! Package inputenc Error: Unicode character –∑ (U+0437)
(inputenc)                not set up for use with LaTeX.

See the inputenc package documentation for explanation.
Type  H <return>  for immediate help.
 ...                                              
                                                  
l.3 ...–∑–Ω–∞–Ω–∏–π –∏ –≤–æ–ø—Ä–æ—Å–∞. –ë–∞–∑–∞ –∑
                                                  –Ω–∞–Ω–∏–π –≤ —Å–≤–æ—é –æ—...

You may provide a definition with
\DeclareUnicodeCharacter 


! Package inputenc Error: Unicode character –Ω (U+043D)
(inputenc)                not set up for use with LaTeX.

See the inputenc package documentation for explanation.
Type  H <return>  for immediate help.
 ...                                              
                                                  
l.3 ...–Ω–∞–Ω–∏–π –∏ –≤–æ–ø—Ä–æ—Å–∞. –ë–∞–∑–∞ –∑–Ω
                                                  –∞–Ω–∏–π –≤ —Å–≤–æ—é –æ—á–...

You may provide a definition with
\DeclareUnicodeCharacter 


! Package inputenc Error: Unicode character –∞ (U+0430)
(inputenc)                not set up for use with LaTeX.

See the inputenc package documentation for explanation.
Type  H <return>  for immediate help.
 ...                                              
                                                  
l.3 ...–∞–Ω–∏–π –∏ –≤–æ–ø—Ä–æ—Å–∞. –ë–∞–∑–∞ –∑–Ω–∞
                                                  –Ω–∏–π –≤ —Å–≤–æ—é –æ—á–µ—...

You may provide a definition with
\DeclareUnicodeCharacter 


! Package inputenc Error: Unicode character –Ω (U+043D)
(inputenc)                not set up for use with LaTeX.

See the inputenc package documentation for explanation.
Type  H <return>  for immediate help.
 ...                                              
                                                  
l.3 ...–Ω–∏–π –∏ –≤–æ–ø—Ä–æ—Å–∞. –ë–∞–∑–∞ –∑–Ω–∞–Ω
                                                  –∏–π –≤ —Å–≤–æ—é –æ—á–µ—Ä–...

You may provide a definition with
\DeclareUnicodeCharacter 


! Package inputenc Error: Unicode character –∏ (U+0438)
(inputenc)                not set up for use with LaTeX.

See the inputenc package documentation for explanation.
Type  H <return>  for immediate help.
 ...                                              
                                                  
l.3 ...–∏–π –∏ –≤–æ–ø—Ä–æ—Å–∞. –ë–∞–∑–∞ –∑–Ω–∞–Ω–∏
                                                  –π –≤ —Å–≤–æ—é –æ—á–µ—Ä–µ–...

You may provide a definition with
\DeclareUnicodeCharacter 


! Package inputenc Error: Unicode character –π (U+0439)
(inputenc)                not set up for use with LaTeX.

See the inputenc package documentation for explanation.
Type  H <return>  for immediate help.
 ...                                              
                                                  
l.3 ...–π –∏ –≤–æ–ø—Ä–æ—Å–∞. –ë–∞–∑–∞ –∑–Ω–∞–Ω–∏–π
                                                   –≤ —Å–≤–æ—é –æ—á–µ—Ä–µ–¥—...

You may provide a definition with
\DeclareUnicodeCharacter 


! Package inputenc Error: Unicode character –≤ (U+0432)
(inputenc)                not set up for use with LaTeX.

See the inputenc package documentation for explanation.
Type  H <return>  for immediate help.
 ...                                              
                                                  
l.3 ...–∏ –≤–æ–ø—Ä–æ—Å–∞. –ë–∞–∑–∞ –∑–Ω–∞–Ω–∏–π –≤
                                                   —Å–≤–æ—é –æ—á–µ—Ä–µ–¥—å —...

You may provide a definition with
\DeclareUnicodeCharacter 


! Package inputenc Error: Unicode character —Å (U+0441)
(inputenc)                not set up for use with LaTeX.

See the inputenc package documentation for explanation.
Type  H <return>  for immediate help.
 ...                                              
                                                  
l.3 ...–≤–æ–ø—Ä–æ—Å–∞. –ë–∞–∑–∞ –∑–Ω–∞–Ω–∏–π –≤ —Å
                                                  –≤–æ—é –æ—á–µ—Ä–µ–¥—å —Å–æ...

You may provide a definition with
\DeclareUnicodeCharacter 


! Package inputenc Error: Unicode character –≤ (U+0432)
(inputenc)                not set up for use with LaTeX.

See the inputenc package documentation for explanation.
Type  H <return>  for immediate help.
 ...                                              
                                                  
l.3 ...–æ–ø—Ä–æ—Å–∞. –ë–∞–∑–∞ –∑–Ω–∞–Ω–∏–π –≤ —Å–≤
                                                  –æ—é –æ—á–µ—Ä–µ–¥—å —Å–æ—Å...

You may provide a definition with
\DeclareUnicodeCharacter 


! Package inputenc Error: Unicode character –æ (U+043E)
(inputenc)                not set up for use with LaTeX.

See the inputenc package documentation for explanation.
Type  H <return>  for immediate help.
 ...                                              
                                                  
l.3 ...–ø—Ä–æ—Å–∞. –ë–∞–∑–∞ –∑–Ω–∞–Ω–∏–π –≤ —Å–≤–æ
                                                  —é –æ—á–µ—Ä–µ–¥—å —Å–æ—Å—Ç...

You may provide a definition with
\DeclareUnicodeCharacter 


! Package inputenc Error: Unicode character —é (U+044E)
(inputenc)                not set up for use with LaTeX.

See the inputenc package documentation for explanation.
Type  H <return>  for immediate help.
 ...                                              
                                                  
l.3 ...—Ä–æ—Å–∞. –ë–∞–∑–∞ –∑–Ω–∞–Ω–∏–π –≤ —Å–≤–æ—é
                                                   –æ—á–µ—Ä–µ–¥—å —Å–æ—Å—Ç–æ...

You may provide a definition with
\DeclareUnicodeCharacter 


! Package inputenc Error: Unicode character –æ (U+043E)
(inputenc)                not set up for use with LaTeX.

See the inputenc package documentation for explanation.
Type  H <return>  for immediate help.
 ...                                              
                                                  
l.3 ...æ—Å–∞. –ë–∞–∑–∞ –∑–Ω–∞–Ω–∏–π –≤ —Å–≤–æ—é –æ
                                                  —á–µ—Ä–µ–¥—å —Å–æ—Å—Ç–æ–∏—...

You may provide a definition with
\DeclareUnicodeCharacter 


! Package inputenc Error: Unicode character —á (U+0447)
(inputenc)                not set up for use with LaTeX.

See the inputenc package documentation for explanation.
Type  H <return>  for immediate help.
 ...                                              
                                                  
l.3 ...Å–∞. –ë–∞–∑–∞ –∑–Ω–∞–Ω–∏–π –≤ —Å–≤–æ—é –æ—á
                                                  –µ—Ä–µ–¥—å —Å–æ—Å—Ç–æ–∏—Ç ...

You may provide a definition with
\DeclareUnicodeCharacter 


! Package inputenc Error: Unicode character –µ (U+0435)
(inputenc)                not set up for use with LaTeX.

See the inputenc package documentation for explanation.
Type  H <return>  for immediate help.
 ...                                              
                                                  
l.3 ...∞. –ë–∞–∑–∞ –∑–Ω–∞–Ω–∏–π –≤ —Å–≤–æ—é –æ—á–µ
                                                  —Ä–µ–¥—å —Å–æ—Å—Ç–æ–∏—Ç –∏...

You may provide a definition with
\DeclareUnicodeCharacter 


! Package inputenc Error: Unicode character —Ä (U+0440)
(inputenc)                not set up for use with LaTeX.

See the inputenc package documentation for explanation.
Type  H <return>  for immediate help.
 ...                                              
                                                  
l.3 ... –ë–∞–∑–∞ –∑–Ω–∞–Ω–∏–π –≤ —Å–≤–æ—é –æ—á–µ—Ä
                                                  –µ–¥—å —Å–æ—Å—Ç–æ–∏—Ç –∏–∑...

You may provide a definition with
\DeclareUnicodeCharacter 


! Package inputenc Error: Unicode character –µ (U+0435)
(inputenc)                not set up for use with LaTeX.

See the inputenc package documentation for explanation.
Type  H <return>  for immediate help.
 ...                                              
                                                  
l.3 ...ë–∞–∑–∞ –∑–Ω–∞–Ω–∏–π –≤ —Å–≤–æ—é –æ—á–µ—Ä–µ
                                                  –¥—å —Å–æ—Å—Ç–æ–∏—Ç –∏–∑ —...

You may provide a definition with
\DeclareUnicodeCharacter 


! Package inputenc Error: Unicode character –¥ (U+0434)
(inputenc)                not set up for use with LaTeX.

See the inputenc package documentation for explanation.
Type  H <return>  for immediate help.
 ...                                              
                                                  
l.3 ...∞–∑–∞ –∑–Ω–∞–Ω–∏–π –≤ —Å–≤–æ—é –æ—á–µ—Ä–µ–¥
                                                  —å —Å–æ—Å—Ç–æ–∏—Ç –∏–∑ —Ñ–...

You may provide a definition with
\DeclareUnicodeCharacter 


! Package inputenc Error: Unicode character —å (U+044C)
(inputenc)                not set up for use with LaTeX.

See the inputenc package documentation for explanation.
Type  H <return>  for immediate help.
 ...                                              
                                                  
l.3 ...∑–∞ –∑–Ω–∞–Ω–∏–π –≤ —Å–≤–æ—é –æ—á–µ—Ä–µ–¥—å
                                                   —Å–æ—Å—Ç–æ–∏—Ç –∏–∑ —Ñ–∞–...

You may provide a definition with
\DeclareUnicodeCharacter 


! Package inputenc Error: Unicode character —Å (U+0441)
(inputenc)                not set up for use with LaTeX.

See the inputenc package documentation for explanation.
Type  H <return>  for immediate help.
 ...                                              
                                                  
l.3 ... –∑–Ω–∞–Ω–∏–π –≤ —Å–≤–æ—é –æ—á–µ—Ä–µ–¥—å —Å
                                                  –æ—Å—Ç–æ–∏—Ç –∏–∑ —Ñ–∞–∫—Ç...

You may provide a definition with
\DeclareUnicodeCharacter 


! Package inputenc Error: Unicode character –æ (U+043E)
(inputenc)                not set up for use with LaTeX.

See the inputenc package documentation for explanation.
Type  H <return>  for immediate help.
 ...                                              
                                                  
l.3 ...∑–Ω–∞–Ω–∏–π –≤ —Å–≤–æ—é –æ—á–µ—Ä–µ–¥—å —Å–æ
                                                  —Å—Ç–æ–∏—Ç –∏–∑ —Ñ–∞–∫—Ç–æ...

You may provide a definition with
\DeclareUnicodeCharacter 


! Package inputenc Error: Unicode character —Å (U+0441)
(inputenc)                not set up for use with LaTeX.

See the inputenc package documentation for explanation.
Type  H <return>  for immediate help.
 ...                                              
                                                  
l.3 ...Ω–∞–Ω–∏–π –≤ —Å–≤–æ—é –æ—á–µ—Ä–µ–¥—å —Å–æ—Å
                                                  —Ç–æ–∏—Ç –∏–∑ —Ñ–∞–∫—Ç–æ–≤...

You may provide a definition with
\DeclareUnicodeCharacter 


! Package inputenc Error: Unicode character —Ç (U+0442)
(inputenc)                not set up for use with LaTeX.

See the inputenc package documentation for explanation.
Type  H <return>  for immediate help.
 ...                                              
                                                  
l.3 ...∞–Ω–∏–π –≤ —Å–≤–æ—é –æ—á–µ—Ä–µ–¥—å —Å–æ—Å—Ç
                                                  –æ–∏—Ç –∏–∑ —Ñ–∞–∫—Ç–æ–≤ (...

You may provide a definition with
\DeclareUnicodeCharacter 


! Package inputenc Error: Unicode character –æ (U+043E)
(inputenc)                not set up for use with LaTeX.

See the inputenc package documentation for explanation.
Type  H <return>  for immediate help.
 ...                                              
                                                  
l.3 ...Ω–∏–π –≤ —Å–≤–æ—é –æ—á–µ—Ä–µ–¥—å —Å–æ—Å—Ç–æ
                                                  –∏—Ç –∏–∑ —Ñ–∞–∫—Ç–æ–≤ (–∞...

You may provide a definition with
\DeclareUnicodeCharacter 


! Package inputenc Error: Unicode character –∏ (U+0438)
(inputenc)                not set up for use with LaTeX.

See the inputenc package documentation for explanation.
Type  H <return>  for immediate help.
 ...                                              
                                                  
l.3 ...∏–π –≤ —Å–≤–æ—é –æ—á–µ—Ä–µ–¥—å —Å–æ—Å—Ç–æ–∏
                                                  —Ç –∏–∑ —Ñ–∞–∫—Ç–æ–≤ (–∞–∫...

You may provide a definition with
\DeclareUnicodeCharacter 


! Package inputenc Error: Unicode character —Ç (U+0442)
(inputenc)                not set up for use with LaTeX.

See the inputenc package documentation for explanation.
Type  H <return>  for immediate help.
 ...                                              
                                                  
l.3 ...π –≤ —Å–≤–æ—é –æ—á–µ—Ä–µ–¥—å —Å–æ—Å—Ç–æ–∏—Ç
                                                   –∏–∑ —Ñ–∞–∫—Ç–æ–≤ (–∞–∫—Å...

You may provide a definition with
\DeclareUnicodeCharacter 


! Package inputenc Error: Unicode character –∏ (U+0438)
(inputenc)                not set up for use with LaTeX.

See the inputenc package documentation for explanation.
Type  H <return>  for immediate help.
 ...                                              
                                                  
l.3 ...≤ —Å–≤–æ—é –æ—á–µ—Ä–µ–¥—å —Å–æ—Å—Ç–æ–∏—Ç –∏
                                                  –∑ —Ñ–∞–∫—Ç–æ–≤ (–∞–∫—Å–∏–...

You may provide a definition with
\DeclareUnicodeCharacter 


! Package inputenc Error: Unicode character –∑ (U+0437)
(inputenc)                not set up for use with LaTeX.

See the inputenc package documentation for explanation.
Type  H <return>  for immediate help.
 ...                                              
                                                  
l.3 ...—Å–≤–æ—é –æ—á–µ—Ä–µ–¥—å —Å–æ—Å—Ç–æ–∏—Ç –∏–∑
                                                   —Ñ–∞–∫—Ç–æ–≤ (–∞–∫—Å–∏–æ–...

You may provide a definition with
\DeclareUnicodeCharacter 


! Package inputenc Error: Unicode character —Ñ (U+0444)
(inputenc)                not set up for use with LaTeX.

See the inputenc package documentation for explanation.
Type  H <return>  for immediate help.
 ...                                              
                                                  
l.3 ...≤–æ—é –æ—á–µ—Ä–µ–¥—å —Å–æ—Å—Ç–æ–∏—Ç –∏–∑ —Ñ
                                                  –∞–∫—Ç–æ–≤ (–∞–∫—Å–∏–æ–º) ...

You may provide a definition with
\DeclareUnicodeCharacter 


! Package inputenc Error: Unicode character –∞ (U+0430)
(inputenc)                not set up for use with LaTeX.

See the inputenc package documentation for explanation.
Type  H <return>  for immediate help.
 ...                                              
                                                  
l.3 ...æ—é –æ—á–µ—Ä–µ–¥—å —Å–æ—Å—Ç–æ–∏—Ç –∏–∑ —Ñ–∞
                                                  –∫—Ç–æ–≤ (–∞–∫—Å–∏–æ–º) –∏...

You may provide a definition with
\DeclareUnicodeCharacter 


! Package inputenc Error: Unicode character –∫ (U+043A)
(inputenc)                not set up for use with LaTeX.

See the inputenc package documentation for explanation.
Type  H <return>  for immediate help.
 ...                                              
                                                  
l.3 ...é –æ—á–µ—Ä–µ–¥—å —Å–æ—Å—Ç–æ–∏—Ç –∏–∑ —Ñ–∞–∫
                                                  —Ç–æ–≤ (–∞–∫—Å–∏–æ–º) –∏ –...

You may provide a definition with
\DeclareUnicodeCharacter 


! Package inputenc Error: Unicode character —Ç (U+0442)
(inputenc)                not set up for use with LaTeX.

See the inputenc package documentation for explanation.
Type  H <return>  for immediate help.
 ...                                              
                                                  
l.3 ...–æ—á–µ—Ä–µ–¥—å —Å–æ—Å—Ç–æ–∏—Ç –∏–∑ —Ñ–∞–∫—Ç
                                                  –æ–≤ (–∞–∫—Å–∏–æ–º) –∏ –ø—...

You may provide a definition with
\DeclareUnicodeCharacter 


! Package inputenc Error: Unicode character –æ (U+043E)
(inputenc)                not set up for use with LaTeX.

See the inputenc package documentation for explanation.
Type  H <return>  for immediate help.
 ...                                              
                                                  
l.3 ...—á–µ—Ä–µ–¥—å —Å–æ—Å—Ç–æ–∏—Ç –∏–∑ —Ñ–∞–∫—Ç–æ
                                                  –≤ (–∞–∫—Å–∏–æ–º) –∏ –ø—Ä–...

You may provide a definition with
\DeclareUnicodeCharacter 


! Package inputenc Error: Unicode character –≤ (U+0432)
(inputenc)                not set up for use with LaTeX.

See the inputenc package documentation for explanation.
Type  H <return>  for immediate help.
 ...                                              
                                                  
l.3 ...–µ—Ä–µ–¥—å —Å–æ—Å—Ç–æ–∏—Ç –∏–∑ —Ñ–∞–∫—Ç–æ–≤
                                                   (–∞–∫—Å–∏–æ–º) –∏ –ø—Ä–∞–...

You may provide a definition with
\DeclareUnicodeCharacter 

Missing character: There is no ( in font nullfont!

! Package inputenc Error: Unicode character –∞ (U+0430)
(inputenc)                not set up for use with LaTeX.

See the inputenc package documentation for explanation.
Type  H <return>  for immediate help.
 ...                                              
                                                  
l.3 ...–µ–¥—å —Å–æ—Å—Ç–æ–∏—Ç –∏–∑ —Ñ–∞–∫—Ç–æ–≤ (–∞
                                                  –∫—Å–∏–æ–º) –∏ –ø—Ä–∞–≤–∏–...

You may provide a definition with
\DeclareUnicodeCharacter 


! Package inputenc Error: Unicode character –∫ (U+043A)
(inputenc)                not set up for use with LaTeX.

See the inputenc package documentation for explanation.
Type  H <return>  for immediate help.
 ...                                              
                                                  
l.3 ...–¥—å —Å–æ—Å—Ç–æ–∏—Ç –∏–∑ —Ñ–∞–∫—Ç–æ–≤ (–∞–∫
                                                  —Å–∏–æ–º) –∏ –ø—Ä–∞–≤–∏–ª ...

You may provide a definition with
\DeclareUnicodeCharacter 


! Package inputenc Error: Unicode character —Å (U+0441)
(inputenc)                not set up for use with LaTeX.

See the inputenc package documentation for explanation.
Type  H <return>  for immediate help.
 ...                                              
                                                  
l.3 ...—å —Å–æ—Å—Ç–æ–∏—Ç –∏–∑ —Ñ–∞–∫—Ç–æ–≤ (–∞–∫—Å
                                                  –∏–æ–º) –∏ –ø—Ä–∞–≤–∏–ª (—...

You may provide a definition with
\DeclareUnicodeCharacter 


! Package inputenc Error: Unicode character –∏ (U+0438)
(inputenc)                not set up for use with LaTeX.

See the inputenc package documentation for explanation.
Type  H <return>  for immediate help.
 ...                                              
                                                  
l.3 ... —Å–æ—Å—Ç–æ–∏—Ç –∏–∑ —Ñ–∞–∫—Ç–æ–≤ (–∞–∫—Å–∏
                                                  –æ–º) –∏ –ø—Ä–∞–≤–∏–ª (—Ç–...

You may provide a definition with
\DeclareUnicodeCharacter 


! Package inputenc Error: Unicode character –æ (U+043E)
(inputenc)                not set up for use with LaTeX.

See the inputenc package documentation for explanation.
Type  H <return>  for immediate help.
 ...                                              
                                                  
l.3 ...Å–æ—Å—Ç–æ–∏—Ç –∏–∑ —Ñ–∞–∫—Ç–æ–≤ (–∞–∫—Å–∏–æ
                                                  –º) –∏ –ø—Ä–∞–≤–∏–ª (—Ç–µ–...

You may provide a definition with
\DeclareUnicodeCharacter 


! Package inputenc Error: Unicode character –º (U+043C)
(inputenc)                not set up for use with LaTeX.

See the inputenc package documentation for explanation.
Type  H <return>  for immediate help.
 ...                                              
                                                  
l.3 ...æ—Å—Ç–æ–∏—Ç –∏–∑ —Ñ–∞–∫—Ç–æ–≤ (–∞–∫—Å–∏–æ–º
                                                  ) –∏ –ø—Ä–∞–≤–∏–ª (—Ç–µ–æ—...

You may provide a definition with
\DeclareUnicodeCharacter 

Missing character: There is no ) in font nullfont!

! Package inputenc Error: Unicode character –∏ (U+0438)
(inputenc)                not set up for use with LaTeX.

See the inputenc package documentation for explanation.
Type  H <return>  for immediate help.
 ...                                              
                                                  
l.3 ...Ç–æ–∏—Ç –∏–∑ —Ñ–∞–∫—Ç–æ–≤ (–∞–∫—Å–∏–æ–º) –∏
                                                   –ø—Ä–∞–≤–∏–ª (—Ç–µ–æ—Ä–µ–...

You may provide a definition with
\DeclareUnicodeCharacter 


! Package inputenc Error: Unicode character –ø (U+043F)
(inputenc)                not set up for use with LaTeX.

See the inputenc package documentation for explanation.
Type  H <return>  for immediate help.
 ...                                              
                                                  
l.3 ...–∏—Ç –∏–∑ —Ñ–∞–∫—Ç–æ–≤ (–∞–∫—Å–∏–æ–º) –∏ –ø
                                                  —Ä–∞–≤–∏–ª (—Ç–µ–æ—Ä–µ–º),...

You may provide a definition with
\DeclareUnicodeCharacter 


! Package inputenc Error: Unicode character —Ä (U+0440)
(inputenc)                not set up for use with LaTeX.

See the inputenc package documentation for explanation.
Type  H <return>  for immediate help.
 ...                                              
                                                  
l.3 ...—Ç –∏–∑ —Ñ–∞–∫—Ç–æ–≤ (–∞–∫—Å–∏–æ–º) –∏ –ø—Ä
                                                  –∞–≤–∏–ª (—Ç–µ–æ—Ä–µ–º), –...

You may provide a definition with
\DeclareUnicodeCharacter 


! Package inputenc Error: Unicode character –∞ (U+0430)
(inputenc)                not set up for use with LaTeX.

See the inputenc package documentation for explanation.
Type  H <return>  for immediate help.
 ...                                              
                                                  
l.3 ... –∏–∑ —Ñ–∞–∫—Ç–æ–≤ (–∞–∫—Å–∏–æ–º) –∏ –ø—Ä–∞
                                                  –≤–∏–ª (—Ç–µ–æ—Ä–µ–º), –ø—...

You may provide a definition with
\DeclareUnicodeCharacter 


! Package inputenc Error: Unicode character –≤ (U+0432)
(inputenc)                not set up for use with LaTeX.

See the inputenc package documentation for explanation.
Type  H <return>  for immediate help.
 ...                                              
                                                  
l.3 ...∏–∑ —Ñ–∞–∫—Ç–æ–≤ (–∞–∫—Å–∏–æ–º) –∏ –ø—Ä–∞–≤
                                                  –∏–ª (—Ç–µ–æ—Ä–µ–º), –ø—Ä–...

You may provide a definition with
\DeclareUnicodeCharacter 


! Package inputenc Error: Unicode character –∏ (U+0438)
(inputenc)                not set up for use with LaTeX.

See the inputenc package documentation for explanation.
Type  H <return>  for immediate help.
 ...                                              
                                                  
l.3 ...∑ —Ñ–∞–∫—Ç–æ–≤ (–∞–∫—Å–∏–æ–º) –∏ –ø—Ä–∞–≤–∏
                                                  –ª (—Ç–µ–æ—Ä–µ–º), –ø—Ä–∏—...

You may provide a definition with
\DeclareUnicodeCharacter 


! Package inputenc Error: Unicode character –ª (U+043B)
(inputenc)                not set up for use with LaTeX.

See the inputenc package documentation for explanation.
Type  H <return>  for immediate help.
 ...                                              
                                                  
l.3 ...—Ñ–∞–∫—Ç–æ–≤ (–∞–∫—Å–∏–æ–º) –∏ –ø—Ä–∞–≤–∏–ª
                                                   (—Ç–µ–æ—Ä–µ–º), –ø—Ä–∏—á–...

You may provide a definition with
\DeclareUnicodeCharacter 

Missing character: There is no ( in font nullfont!

! Package inputenc Error: Unicode character —Ç (U+0442)
(inputenc)                not set up for use with LaTeX.

See the inputenc package documentation for explanation.
Type  H <return>  for immediate help.
 ...                                              
                                                  
l.3 ...–∫—Ç–æ–≤ (–∞–∫—Å–∏–æ–º) –∏ –ø—Ä–∞–≤–∏–ª (—Ç
                                                  –µ–æ—Ä–µ–º), –ø—Ä–∏—á–µ–º ...

You may provide a definition with
\DeclareUnicodeCharacter 


! Package inputenc Error: Unicode character –µ (U+0435)
(inputenc)                not set up for use with LaTeX.

See the inputenc package documentation for explanation.
Type  H <return>  for immediate help.
 ...                                              
                                                  
l.3 ...—Ç–æ–≤ (–∞–∫—Å–∏–æ–º) –∏ –ø—Ä–∞–≤–∏–ª (—Ç–µ
                                                  –æ—Ä–µ–º), –ø—Ä–∏—á–µ–º –æ...

You may provide a definition with
\DeclareUnicodeCharacter 


! Package inputenc Error: Unicode character –æ (U+043E)
(inputenc)                not set up for use with LaTeX.

See the inputenc package documentation for explanation.
Type  H <return>  for immediate help.
 ...                                              
                                                  
l.3 ...–æ–≤ (–∞–∫—Å–∏–æ–º) –∏ –ø—Ä–∞–≤–∏–ª (—Ç–µ–æ
                                                  —Ä–µ–º), –ø—Ä–∏—á–µ–º –æ–Ω...

You may provide a definition with
\DeclareUnicodeCharacter 


! Package inputenc Error: Unicode character —Ä (U+0440)
(inputenc)                not set up for use with LaTeX.

See the inputenc package documentation for explanation.
Type  H <return>  for immediate help.
 ...                                              
                                                  
l.3 ...–≤ (–∞–∫—Å–∏–æ–º) –∏ –ø—Ä–∞–≤–∏–ª (—Ç–µ–æ—Ä
                                                  –µ–º), –ø—Ä–∏—á–µ–º –æ–Ω–∏...
(That makes 100 errors; please try again.) 
Here is how much of TeX's memory you used:
 49 strings out of 478864
 833 string characters out of 2848186
 292975 words of memory out of 3000000
 18072 multiletter control sequences out of 15000+600000
 403738 words of font info for 28 fonts, out of 8000000 for 9000
 1141 hyphenation exceptions out of 8191
 14i,1n,12p,364b,76s stack positions out of 5000i,500n,10000p,200000b,80000s

!  ==> Fatal error occurred, no output PDF file produced!
