This is pdfTeX, Version 3.14159265-2.6-1.40.21 (TeX Live 2020/Debian) (preloaded format=pdflatex 2022.2.16)  10 MAR 2022 09:34
entering extended mode
 restricted \write18 enabled.
 %&-line parsing enabled.
**02_practice.tex
(./02_practice.tex
LaTeX2e <2020-10-01> patch level 4
L3 programming layer <2021-01-09> xparse <2020-03-03>
! Undefined control sequence.
l.1 \chapter
            {–ü—Ä–∞–∫—Ç–∏—á–µ—Å–∫–∏–µ –∑–∞–¥–∞–Ω–∏—è}
The control sequence at the end of the top line
of your error message was never \def'ed. If you have
misspelled it (e.g., `\hobx'), type `I' and the correct
spelling (e.g., `I\hbox'). Otherwise just continue,
and I'll forget about whatever was undefined.


! Package inputenc Error: Unicode character –ü (U+041F)
(inputenc)                not set up for use with LaTeX.

See the inputenc package documentation for explanation.
Type  H <return>  for immediate help.
 ...                                              
                                                  
l.1 \chapter{–ü
               —Ä–∞–∫—Ç–∏—á–µ—Å–∫–∏–µ –∑–∞–¥–∞–Ω–∏—è}
You may provide a definition with
\DeclareUnicodeCharacter 


! Package inputenc Error: Unicode character —Ä (U+0440)
(inputenc)                not set up for use with LaTeX.

See the inputenc package documentation for explanation.
Type  H <return>  for immediate help.
 ...                                              
                                                  
l.1 \chapter{–ü—Ä
                 –∞–∫—Ç–∏—á–µ—Å–∫–∏–µ –∑–∞–¥–∞–Ω–∏—è}
You may provide a definition with
\DeclareUnicodeCharacter 


! Package inputenc Error: Unicode character –∞ (U+0430)
(inputenc)                not set up for use with LaTeX.

See the inputenc package documentation for explanation.
Type  H <return>  for immediate help.
 ...                                              
                                                  
l.1 \chapter{–ü—Ä–∞
                   –∫—Ç–∏—á–µ—Å–∫–∏–µ –∑–∞–¥–∞–Ω–∏—è}
You may provide a definition with
\DeclareUnicodeCharacter 


! Package inputenc Error: Unicode character –∫ (U+043A)
(inputenc)                not set up for use with LaTeX.

See the inputenc package documentation for explanation.
Type  H <return>  for immediate help.
 ...                                              
                                                  
l.1 \chapter{–ü—Ä–∞–∫
                     —Ç–∏—á–µ—Å–∫–∏–µ –∑–∞–¥–∞–Ω–∏—è}
You may provide a definition with
\DeclareUnicodeCharacter 


! Package inputenc Error: Unicode character —Ç (U+0442)
(inputenc)                not set up for use with LaTeX.

See the inputenc package documentation for explanation.
Type  H <return>  for immediate help.
 ...                                              
                                                  
l.1 \chapter{–ü—Ä–∞–∫—Ç
                       –∏—á–µ—Å–∫–∏–µ –∑–∞–¥–∞–Ω–∏—è}
You may provide a definition with
\DeclareUnicodeCharacter 


! Package inputenc Error: Unicode character –∏ (U+0438)
(inputenc)                not set up for use with LaTeX.

See the inputenc package documentation for explanation.
Type  H <return>  for immediate help.
 ...                                              
                                                  
l.1 \chapter{–ü—Ä–∞–∫—Ç–∏
                         —á–µ—Å–∫–∏–µ –∑–∞–¥–∞–Ω–∏—è}
You may provide a definition with
\DeclareUnicodeCharacter 


! Package inputenc Error: Unicode character —á (U+0447)
(inputenc)                not set up for use with LaTeX.

See the inputenc package documentation for explanation.
Type  H <return>  for immediate help.
 ...                                              
                                                  
l.1 \chapter{–ü—Ä–∞–∫—Ç–∏—á
                           –µ—Å–∫–∏–µ –∑–∞–¥–∞–Ω–∏—è}
You may provide a definition with
\DeclareUnicodeCharacter 


! Package inputenc Error: Unicode character –µ (U+0435)
(inputenc)                not set up for use with LaTeX.

See the inputenc package documentation for explanation.
Type  H <return>  for immediate help.
 ...                                              
                                                  
l.1 \chapter{–ü—Ä–∞–∫—Ç–∏—á–µ
                             —Å–∫–∏–µ –∑–∞–¥–∞–Ω–∏—è}
You may provide a definition with
\DeclareUnicodeCharacter 


! Package inputenc Error: Unicode character —Å (U+0441)
(inputenc)                not set up for use with LaTeX.

See the inputenc package documentation for explanation.
Type  H <return>  for immediate help.
 ...                                              
                                                  
l.1 \chapter{–ü—Ä–∞–∫—Ç–∏—á–µ—Å
                               –∫–∏–µ –∑–∞–¥–∞–Ω–∏—è}
You may provide a definition with
\DeclareUnicodeCharacter 


! Package inputenc Error: Unicode character –∫ (U+043A)
(inputenc)                not set up for use with LaTeX.

See the inputenc package documentation for explanation.
Type  H <return>  for immediate help.
 ...                                              
                                                  
l.1 \chapter{–ü—Ä–∞–∫—Ç–∏—á–µ—Å–∫
                                 –∏–µ –∑–∞–¥–∞–Ω–∏—è}
You may provide a definition with
\DeclareUnicodeCharacter 


! Package inputenc Error: Unicode character –∏ (U+0438)
(inputenc)                not set up for use with LaTeX.

See the inputenc package documentation for explanation.
Type  H <return>  for immediate help.
 ...                                              
                                                  
l.1 \chapter{–ü—Ä–∞–∫—Ç–∏—á–µ—Å–∫–∏
                                   –µ –∑–∞–¥–∞–Ω–∏—è}
You may provide a definition with
\DeclareUnicodeCharacter 


! Package inputenc Error: Unicode character –µ (U+0435)
(inputenc)                not set up for use with LaTeX.

See the inputenc package documentation for explanation.
Type  H <return>  for immediate help.
 ...                                              
                                                  
l.1 \chapter{–ü—Ä–∞–∫—Ç–∏—á–µ—Å–∫–∏–µ
                                      –∑–∞–¥–∞–Ω–∏—è}
You may provide a definition with
\DeclareUnicodeCharacter 


! Package inputenc Error: Unicode character –∑ (U+0437)
(inputenc)                not set up for use with LaTeX.

See the inputenc package documentation for explanation.
Type  H <return>  for immediate help.
 ...                                              
                                                  
l.1 \chapter{–ü—Ä–∞–∫—Ç–∏—á–µ—Å–∫–∏–µ –∑
                                        –∞–¥–∞–Ω–∏—è}
You may provide a definition with
\DeclareUnicodeCharacter 


! Package inputenc Error: Unicode character –∞ (U+0430)
(inputenc)                not set up for use with LaTeX.

See the inputenc package documentation for explanation.
Type  H <return>  for immediate help.
 ...                                              
                                                  
l.1 \chapter{–ü—Ä–∞–∫—Ç–∏—á–µ—Å–∫–∏–µ –∑–∞
                                          –¥–∞–Ω–∏—è}
You may provide a definition with
\DeclareUnicodeCharacter 


! Package inputenc Error: Unicode character –¥ (U+0434)
(inputenc)                not set up for use with LaTeX.

See the inputenc package documentation for explanation.
Type  H <return>  for immediate help.
 ...                                              
                                                  
l.1 \chapter{–ü—Ä–∞–∫—Ç–∏—á–µ—Å–∫–∏–µ –∑–∞–¥
                                            –∞–Ω–∏—è}
You may provide a definition with
\DeclareUnicodeCharacter 


! Package inputenc Error: Unicode character –∞ (U+0430)
(inputenc)                not set up for use with LaTeX.

See the inputenc package documentation for explanation.
Type  H <return>  for immediate help.
 ...                                              
                                                  
l.1 \chapter{–ü—Ä–∞–∫—Ç–∏—á–µ—Å–∫–∏–µ –∑–∞–¥–∞
                                              –Ω–∏—è}
You may provide a definition with
\DeclareUnicodeCharacter 


! Package inputenc Error: Unicode character –Ω (U+043D)
(inputenc)                not set up for use with LaTeX.

See the inputenc package documentation for explanation.
Type  H <return>  for immediate help.
 ...                                              
                                                  
l.1 \chapter{–ü—Ä–∞–∫—Ç–∏—á–µ—Å–∫–∏–µ –∑–∞–¥–∞–Ω
                                                –∏—è}
You may provide a definition with
\DeclareUnicodeCharacter 


! Package inputenc Error: Unicode character –∏ (U+0438)
(inputenc)                not set up for use with LaTeX.

See the inputenc package documentation for explanation.
Type  H <return>  for immediate help.
 ...                                              
                                                  
l.1 \chapter{–ü—Ä–∞–∫—Ç–∏—á–µ—Å–∫–∏–µ –∑–∞–¥–∞–Ω–∏
                                                  —è}
You may provide a definition with
\DeclareUnicodeCharacter 


! Package inputenc Error: Unicode character —è (U+044F)
(inputenc)                not set up for use with LaTeX.

See the inputenc package documentation for explanation.
Type  H <return>  for immediate help.
 ...                                              
                                                  
l.1 ...ter{–ü—Ä–∞–∫—Ç–∏—á–µ—Å–∫–∏–µ –∑–∞–¥–∞–Ω–∏—è
                                                  }
You may provide a definition with
\DeclareUnicodeCharacter 

! Undefined control sequence.
l.2 \section
            {–ù–∞–ø–∏—Å–∞—Ç—å —Ñ—É–Ω–∫—Ü–∏—é, –∫–æ—Ç–æ—Ä–∞—è –ø–æ —Å–≤–æ–µ–º...
The control sequence at the end of the top line
of your error message was never \def'ed. If you have
misspelled it (e.g., `\hobx'), type `I' and the correct
spelling (e.g., `I\hbox'). Otherwise just continue,
and I'll forget about whatever was undefined.


! Package inputenc Error: Unicode character –ù (U+041D)
(inputenc)                not set up for use with LaTeX.

See the inputenc package documentation for explanation.
Type  H <return>  for immediate help.
 ...                                              
                                                  
l.2 \section{–ù
               –∞–ø–∏—Å–∞—Ç—å —Ñ—É–Ω–∫—Ü–∏—é, –∫–æ—Ç–æ—Ä–∞—è –ø–æ —Å–≤–æ–µ–º...

You may provide a definition with
\DeclareUnicodeCharacter 


! Package inputenc Error: Unicode character –∞ (U+0430)
(inputenc)                not set up for use with LaTeX.

See the inputenc package documentation for explanation.
Type  H <return>  for immediate help.
 ...                                              
                                                  
l.2 \section{–ù–∞
                 –ø–∏—Å–∞—Ç—å —Ñ—É–Ω–∫—Ü–∏—é, –∫–æ—Ç–æ—Ä–∞—è –ø–æ —Å–≤–æ–µ–º...

You may provide a definition with
\DeclareUnicodeCharacter 


! Package inputenc Error: Unicode character –ø (U+043F)
(inputenc)                not set up for use with LaTeX.

See the inputenc package documentation for explanation.
Type  H <return>  for immediate help.
 ...                                              
                                                  
l.2 \section{–ù–∞–ø
                   –∏—Å–∞—Ç—å —Ñ—É–Ω–∫—Ü–∏—é, –∫–æ—Ç–æ—Ä–∞—è –ø–æ —Å–≤–æ–µ–º...

You may provide a definition with
\DeclareUnicodeCharacter 


! Package inputenc Error: Unicode character –∏ (U+0438)
(inputenc)                not set up for use with LaTeX.

See the inputenc package documentation for explanation.
Type  H <return>  for immediate help.
 ...                                              
                                                  
l.2 \section{–ù–∞–ø–∏
                     —Å–∞—Ç—å —Ñ—É–Ω–∫—Ü–∏—é, –∫–æ—Ç–æ—Ä–∞—è –ø–æ —Å–≤–æ–µ–º...

You may provide a definition with
\DeclareUnicodeCharacter 


! Package inputenc Error: Unicode character —Å (U+0441)
(inputenc)                not set up for use with LaTeX.

See the inputenc package documentation for explanation.
Type  H <return>  for immediate help.
 ...                                              
                                                  
l.2 \section{–ù–∞–ø–∏—Å
                       –∞—Ç—å —Ñ—É–Ω–∫—Ü–∏—é, –∫–æ—Ç–æ—Ä–∞—è –ø–æ —Å–≤–æ–µ–º...

You may provide a definition with
\DeclareUnicodeCharacter 


! Package inputenc Error: Unicode character –∞ (U+0430)
(inputenc)                not set up for use with LaTeX.

See the inputenc package documentation for explanation.
Type  H <return>  for immediate help.
 ...                                              
                                                  
l.2 \section{–ù–∞–ø–∏—Å–∞
                         —Ç—å —Ñ—É–Ω–∫—Ü–∏—é, –∫–æ—Ç–æ—Ä–∞—è –ø–æ —Å–≤–æ–µ–º...

You may provide a definition with
\DeclareUnicodeCharacter 


! Package inputenc Error: Unicode character —Ç (U+0442)
(inputenc)                not set up for use with LaTeX.

See the inputenc package documentation for explanation.
Type  H <return>  for immediate help.
 ...                                              
                                                  
l.2 \section{–ù–∞–ø–∏—Å–∞—Ç
                           —å —Ñ—É–Ω–∫—Ü–∏—é, –∫–æ—Ç–æ—Ä–∞—è –ø–æ —Å–≤–æ–µ–º...

You may provide a definition with
\DeclareUnicodeCharacter 


! Package inputenc Error: Unicode character —å (U+044C)
(inputenc)                not set up for use with LaTeX.

See the inputenc package documentation for explanation.
Type  H <return>  for immediate help.
 ...                                              
                                                  
l.2 \section{–ù–∞–ø–∏—Å–∞—Ç—å
                              —Ñ—É–Ω–∫—Ü–∏—é, –∫–æ—Ç–æ—Ä–∞—è –ø–æ —Å–≤–æ–µ–º...

You may provide a definition with
\DeclareUnicodeCharacter 


! Package inputenc Error: Unicode character —Ñ (U+0444)
(inputenc)                not set up for use with LaTeX.

See the inputenc package documentation for explanation.
Type  H <return>  for immediate help.
 ...                                              
                                                  
l.2 \section{–ù–∞–ø–∏—Å–∞—Ç—å —Ñ
                                —É–Ω–∫—Ü–∏—é, –∫–æ—Ç–æ—Ä–∞—è –ø–æ —Å–≤–æ–µ–º...

You may provide a definition with
\DeclareUnicodeCharacter 


! Package inputenc Error: Unicode character —É (U+0443)
(inputenc)                not set up for use with LaTeX.

See the inputenc package documentation for explanation.
Type  H <return>  for immediate help.
 ...                                              
                                                  
l.2 \section{–ù–∞–ø–∏—Å–∞—Ç—å —Ñ—É
                                  –Ω–∫—Ü–∏—é, –∫–æ—Ç–æ—Ä–∞—è –ø–æ —Å–≤–æ–µ–º...

You may provide a definition with
\DeclareUnicodeCharacter 


! Package inputenc Error: Unicode character –Ω (U+043D)
(inputenc)                not set up for use with LaTeX.

See the inputenc package documentation for explanation.
Type  H <return>  for immediate help.
 ...                                              
                                                  
l.2 \section{–ù–∞–ø–∏—Å–∞—Ç—å —Ñ—É–Ω
                                    –∫—Ü–∏—é, –∫–æ—Ç–æ—Ä–∞—è –ø–æ —Å–≤–æ–µ–º...

You may provide a definition with
\DeclareUnicodeCharacter 


! Package inputenc Error: Unicode character –∫ (U+043A)
(inputenc)                not set up for use with LaTeX.

See the inputenc package documentation for explanation.
Type  H <return>  for immediate help.
 ...                                              
                                                  
l.2 \section{–ù–∞–ø–∏—Å–∞—Ç—å —Ñ—É–Ω–∫
                                      —Ü–∏—é, –∫–æ—Ç–æ—Ä–∞—è –ø–æ —Å–≤–æ–µ–º...

You may provide a definition with
\DeclareUnicodeCharacter 


! Package inputenc Error: Unicode character —Ü (U+0446)
(inputenc)                not set up for use with LaTeX.

See the inputenc package documentation for explanation.
Type  H <return>  for immediate help.
 ...                                              
                                                  
l.2 \section{–ù–∞–ø–∏—Å–∞—Ç—å —Ñ—É–Ω–∫—Ü
                                        –∏—é, –∫–æ—Ç–æ—Ä–∞—è –ø–æ —Å–≤–æ–µ–º...

You may provide a definition with
\DeclareUnicodeCharacter 


! Package inputenc Error: Unicode character –∏ (U+0438)
(inputenc)                not set up for use with LaTeX.

See the inputenc package documentation for explanation.
Type  H <return>  for immediate help.
 ...                                              
                                                  
l.2 \section{–ù–∞–ø–∏—Å–∞—Ç—å —Ñ—É–Ω–∫—Ü–∏
                                          —é, –∫–æ—Ç–æ—Ä–∞—è –ø–æ —Å–≤–æ–µ–º...

You may provide a definition with
\DeclareUnicodeCharacter 


! Package inputenc Error: Unicode character —é (U+044E)
(inputenc)                not set up for use with LaTeX.

See the inputenc package documentation for explanation.
Type  H <return>  for immediate help.
 ...                                              
                                                  
l.2 \section{–ù–∞–ø–∏—Å–∞—Ç—å —Ñ—É–Ω–∫—Ü–∏—é
                                            , –∫–æ—Ç–æ—Ä–∞—è –ø–æ —Å–≤–æ–µ–º...

You may provide a definition with
\DeclareUnicodeCharacter 


! LaTeX Error: Missing \begin{document}.

See the LaTeX manual or LaTeX Companion for explanation.
Type  H <return>  for immediate help.
 ...                                              
                                                  
l.2 \section{–ù–∞–ø–∏—Å–∞—Ç—å —Ñ—É–Ω–∫—Ü–∏—é,
                                              –∫–æ—Ç–æ—Ä–∞—è –ø–æ —Å–≤–æ–µ–º...

You're in trouble here.  Try typing  <return>  to proceed.
If that doesn't work, type  X <return>  to quit.

Missing character: There is no , in font nullfont!

! Package inputenc Error: Unicode character –∫ (U+043A)
(inputenc)                not set up for use with LaTeX.

See the inputenc package documentation for explanation.
Type  H <return>  for immediate help.
 ...                                              
                                                  
l.2 \section{–ù–∞–ø–∏—Å–∞—Ç—å —Ñ—É–Ω–∫—Ü–∏—é, –∫
                                                –æ—Ç–æ—Ä–∞—è –ø–æ —Å–≤–æ–µ–º...

You may provide a definition with
\DeclareUnicodeCharacter 


! Package inputenc Error: Unicode character –æ (U+043E)
(inputenc)                not set up for use with LaTeX.

See the inputenc package documentation for explanation.
Type  H <return>  for immediate help.
 ...                                              
                                                  
l.2 \section{–ù–∞–ø–∏—Å–∞—Ç—å —Ñ—É–Ω–∫—Ü–∏—é, –∫–æ
                                                  —Ç–æ—Ä–∞—è –ø–æ —Å–≤–æ–µ–º...

You may provide a definition with
\DeclareUnicodeCharacter 


! Package inputenc Error: Unicode character —Ç (U+0442)
(inputenc)                not set up for use with LaTeX.

See the inputenc package documentation for explanation.
Type  H <return>  for immediate help.
 ...                                              
                                                  
l.2 ...ion{–ù–∞–ø–∏—Å–∞—Ç—å —Ñ—É–Ω–∫—Ü–∏—é, –∫–æ—Ç
                                                  –æ—Ä–∞—è –ø–æ —Å–≤–æ–µ–º—É...

You may provide a definition with
\DeclareUnicodeCharacter 


! Package inputenc Error: Unicode character –æ (U+043E)
(inputenc)                not set up for use with LaTeX.

See the inputenc package documentation for explanation.
Type  H <return>  for immediate help.
 ...                                              
                                                  
l.2 ...n{–ù–∞–ø–∏—Å–∞—Ç—å —Ñ—É–Ω–∫—Ü–∏—é, –∫–æ—Ç–æ
                                                  —Ä–∞—è –ø–æ —Å–≤–æ–µ–º—É —...

You may provide a definition with
\DeclareUnicodeCharacter 


! Package inputenc Error: Unicode character —Ä (U+0440)
(inputenc)                not set up for use with LaTeX.

See the inputenc package documentation for explanation.
Type  H <return>  for immediate help.
 ...                                              
                                                  
l.2 ...–ù–∞–ø–∏—Å–∞—Ç—å —Ñ—É–Ω–∫—Ü–∏—é, –∫–æ—Ç–æ—Ä
                                                  –∞—è –ø–æ —Å–≤–æ–µ–º—É —Å–...

You may provide a definition with
\DeclareUnicodeCharacter 


! Package inputenc Error: Unicode character –∞ (U+0430)
(inputenc)                not set up for use with LaTeX.

See the inputenc package documentation for explanation.
Type  H <return>  for immediate help.
 ...                                              
                                                  
l.2 ...–∞–ø–∏—Å–∞—Ç—å —Ñ—É–Ω–∫—Ü–∏—é, –∫–æ—Ç–æ—Ä–∞
                                                  —è –ø–æ —Å–≤–æ–µ–º—É —Å–ø–...

You may provide a definition with
\DeclareUnicodeCharacter 


! Package inputenc Error: Unicode character —è (U+044F)
(inputenc)                not set up for use with LaTeX.

See the inputenc package documentation for explanation.
Type  H <return>  for immediate help.
 ...                                              
                                                  
l.2 ...–ø–∏—Å–∞—Ç—å —Ñ—É–Ω–∫—Ü–∏—é, –∫–æ—Ç–æ—Ä–∞—è
                                                   –ø–æ —Å–≤–æ–µ–º—É —Å–ø–∏—...

You may provide a definition with
\DeclareUnicodeCharacter 


! Package inputenc Error: Unicode character –ø (U+043F)
(inputenc)                not set up for use with LaTeX.

See the inputenc package documentation for explanation.
Type  H <return>  for immediate help.
 ...                                              
                                                  
l.2 ...∏—Å–∞—Ç—å —Ñ—É–Ω–∫—Ü–∏—é, –∫–æ—Ç–æ—Ä–∞—è –ø
                                                  –æ —Å–≤–æ–µ–º—É —Å–ø–∏—Å–∫...

You may provide a definition with
\DeclareUnicodeCharacter 


! Package inputenc Error: Unicode character –æ (U+043E)
(inputenc)                not set up for use with LaTeX.

See the inputenc package documentation for explanation.
Type  H <return>  for immediate help.
 ...                                              
                                                  
l.2 ...Å–∞—Ç—å —Ñ—É–Ω–∫—Ü–∏—é, –∫–æ—Ç–æ—Ä–∞—è –ø–æ
                                                   —Å–≤–æ–µ–º—É —Å–ø–∏—Å–∫—É...

You may provide a definition with
\DeclareUnicodeCharacter 


! Package inputenc Error: Unicode character —Å (U+0441)
(inputenc)                not set up for use with LaTeX.

See the inputenc package documentation for explanation.
Type  H <return>  for immediate help.
 ...                                              
                                                  
l.2 ...—Ç—å —Ñ—É–Ω–∫—Ü–∏—é, –∫–æ—Ç–æ—Ä–∞—è –ø–æ —Å
                                                  –≤–æ–µ–º—É —Å–ø–∏—Å–∫—É-–∞...

You may provide a definition with
\DeclareUnicodeCharacter 


! Package inputenc Error: Unicode character –≤ (U+0432)
(inputenc)                not set up for use with LaTeX.

See the inputenc package documentation for explanation.
Type  H <return>  for immediate help.
 ...                                              
                                                  
l.2 ...—å —Ñ—É–Ω–∫—Ü–∏—é, –∫–æ—Ç–æ—Ä–∞—è –ø–æ —Å–≤
                                                  –æ–µ–º—É —Å–ø–∏—Å–∫—É-–∞—Ä...

You may provide a definition with
\DeclareUnicodeCharacter 


! Package inputenc Error: Unicode character –æ (U+043E)
(inputenc)                not set up for use with LaTeX.

See the inputenc package documentation for explanation.
Type  H <return>  for immediate help.
 ...                                              
                                                  
l.2 ... —Ñ—É–Ω–∫—Ü–∏—é, –∫–æ—Ç–æ—Ä–∞—è –ø–æ —Å–≤–æ
                                                  –µ–º—É —Å–ø–∏—Å–∫—É-–∞—Ä–≥...

You may provide a definition with
\DeclareUnicodeCharacter 


! Package inputenc Error: Unicode character –µ (U+0435)
(inputenc)                not set up for use with LaTeX.

See the inputenc package documentation for explanation.
Type  H <return>  for immediate help.
 ...                                              
                                                  
l.2 ...Ñ—É–Ω–∫—Ü–∏—é, –∫–æ—Ç–æ—Ä–∞—è –ø–æ —Å–≤–æ–µ
                                                  –º—É —Å–ø–∏—Å–∫—É-–∞—Ä–≥—É...

You may provide a definition with
\DeclareUnicodeCharacter 


! Package inputenc Error: Unicode character –º (U+043C)
(inputenc)                not set up for use with LaTeX.

See the inputenc package documentation for explanation.
Type  H <return>  for immediate help.
 ...                                              
                                                  
l.2 ...É–Ω–∫—Ü–∏—é, –∫–æ—Ç–æ—Ä–∞—è –ø–æ —Å–≤–æ–µ–º
                                                  —É —Å–ø–∏—Å–∫—É-–∞—Ä–≥—É–º...

You may provide a definition with
\DeclareUnicodeCharacter 


! Package inputenc Error: Unicode character —É (U+0443)
(inputenc)                not set up for use with LaTeX.

See the inputenc package documentation for explanation.
Type  H <return>  for immediate help.
 ...                                              
                                                  
l.2 ...Ω–∫—Ü–∏—é, –∫–æ—Ç–æ—Ä–∞—è –ø–æ —Å–≤–æ–µ–º—É
                                                   —Å–ø–∏—Å–∫—É-–∞—Ä–≥—É–º–µ...

You may provide a definition with
\DeclareUnicodeCharacter 


! Package inputenc Error: Unicode character —Å (U+0441)
(inputenc)                not set up for use with LaTeX.

See the inputenc package documentation for explanation.
Type  H <return>  for immediate help.
 ...                                              
                                                  
l.2 ...—Ü–∏—é, –∫–æ—Ç–æ—Ä–∞—è –ø–æ —Å–≤–æ–µ–º—É —Å
                                                  –ø–∏—Å–∫—É-–∞—Ä–≥—É–º–µ–Ω—...

You may provide a definition with
\DeclareUnicodeCharacter 


! Package inputenc Error: Unicode character –ø (U+043F)
(inputenc)                not set up for use with LaTeX.

See the inputenc package documentation for explanation.
Type  H <return>  for immediate help.
 ...                                              
                                                  
l.2 ...–∏—é, –∫–æ—Ç–æ—Ä–∞—è –ø–æ —Å–≤–æ–µ–º—É —Å–ø
                                                  –∏—Å–∫—É-–∞—Ä–≥—É–º–µ–Ω—Ç—...

You may provide a definition with
\DeclareUnicodeCharacter 


! Package inputenc Error: Unicode character –∏ (U+0438)
(inputenc)                not set up for use with LaTeX.

See the inputenc package documentation for explanation.
Type  H <return>  for immediate help.
 ...                                              
                                                  
l.2 ...—é, –∫–æ—Ç–æ—Ä–∞—è –ø–æ —Å–≤–æ–µ–º—É —Å–ø–∏
                                                  —Å–∫—É-–∞—Ä–≥—É–º–µ–Ω—Ç—É ...

You may provide a definition with
\DeclareUnicodeCharacter 


! Package inputenc Error: Unicode character —Å (U+0441)
(inputenc)                not set up for use with LaTeX.

See the inputenc package documentation for explanation.
Type  H <return>  for immediate help.
 ...                                              
                                                  
l.2 ..., –∫–æ—Ç–æ—Ä–∞—è –ø–æ —Å–≤–æ–µ–º—É —Å–ø–∏—Å
                                                  –∫—É-–∞—Ä–≥—É–º–µ–Ω—Ç—É ls...

You may provide a definition with
\DeclareUnicodeCharacter 


! Package inputenc Error: Unicode character –∫ (U+043A)
(inputenc)                not set up for use with LaTeX.

See the inputenc package documentation for explanation.
Type  H <return>  for immediate help.
 ...                                              
                                                  
l.2 ...–∫–æ—Ç–æ—Ä–∞—è –ø–æ —Å–≤–æ–µ–º—É —Å–ø–∏—Å–∫
                                                  —É-–∞—Ä–≥—É–º–µ–Ω—Ç—É lst ...

You may provide a definition with
\DeclareUnicodeCharacter 


! Package inputenc Error: Unicode character —É (U+0443)
(inputenc)                not set up for use with LaTeX.

See the inputenc package documentation for explanation.
Type  H <return>  for immediate help.
 ...                                              
                                                  
l.2 ...–æ—Ç–æ—Ä–∞—è –ø–æ —Å–≤–æ–µ–º—É —Å–ø–∏—Å–∫—É
                                                  -–∞—Ä–≥—É–º–µ–Ω—Ç—É lst –æ...

You may provide a definition with
\DeclareUnicodeCharacter 

Missing character: There is no - in font nullfont!

! Package inputenc Error: Unicode character –∞ (U+0430)
(inputenc)                not set up for use with LaTeX.

See the inputenc package documentation for explanation.
Type  H <return>  for immediate help.
 ...                                              
                                                  
l.2 ...Ç–æ—Ä–∞—è –ø–æ —Å–≤–æ–µ–º—É —Å–ø–∏—Å–∫—É-–∞
                                                  —Ä–≥—É–º–µ–Ω—Ç—É lst –æ–ø—...

You may provide a definition with
\DeclareUnicodeCharacter 


! Package inputenc Error: Unicode character —Ä (U+0440)
(inputenc)                not set up for use with LaTeX.

See the inputenc package documentation for explanation.
Type  H <return>  for immediate help.
 ...                                              
                                                  
l.2 ...æ—Ä–∞—è –ø–æ —Å–≤–æ–µ–º—É —Å–ø–∏—Å–∫—É-–∞—Ä
                                                  –≥—É–º–µ–Ω—Ç—É lst –æ–ø—Ä–...

You may provide a definition with
\DeclareUnicodeCharacter 


! Package inputenc Error: Unicode character –≥ (U+0433)
(inputenc)                not set up for use with LaTeX.

See the inputenc package documentation for explanation.
Type  H <return>  for immediate help.
 ...                                              
                                                  
l.2 ...Ä–∞—è –ø–æ —Å–≤–æ–µ–º—É —Å–ø–∏—Å–∫—É-–∞—Ä–≥
                                                  —É–º–µ–Ω—Ç—É lst –æ–ø—Ä–µ–...

You may provide a definition with
\DeclareUnicodeCharacter 


! Package inputenc Error: Unicode character —É (U+0443)
(inputenc)                not set up for use with LaTeX.

See the inputenc package documentation for explanation.
Type  H <return>  for immediate help.
 ...                                              
                                                  
l.2 ...∞—è –ø–æ —Å–≤–æ–µ–º—É —Å–ø–∏—Å–∫—É-–∞—Ä–≥—É
                                                  –º–µ–Ω—Ç—É lst –æ–ø—Ä–µ–¥–...

You may provide a definition with
\DeclareUnicodeCharacter 


! Package inputenc Error: Unicode character –º (U+043C)
(inputenc)                not set up for use with LaTeX.

See the inputenc package documentation for explanation.
Type  H <return>  for immediate help.
 ...                                              
                                                  
l.2 ...è –ø–æ —Å–≤–æ–µ–º—É —Å–ø–∏—Å–∫—É-–∞—Ä–≥—É–º
                                                  –µ–Ω—Ç—É lst –æ–ø—Ä–µ–¥–µ–...

You may provide a definition with
\DeclareUnicodeCharacter 


! Package inputenc Error: Unicode character –µ (U+0435)
(inputenc)                not set up for use with LaTeX.

See the inputenc package documentation for explanation.
Type  H <return>  for immediate help.
 ...                                              
                                                  
l.2 ...–ø–æ —Å–≤–æ–µ–º—É —Å–ø–∏—Å–∫—É-–∞—Ä–≥—É–º–µ
                                                  –Ω—Ç—É lst –æ–ø—Ä–µ–¥–µ–ª—...

You may provide a definition with
\DeclareUnicodeCharacter 


! Package inputenc Error: Unicode character –Ω (U+043D)
(inputenc)                not set up for use with LaTeX.

See the inputenc package documentation for explanation.
Type  H <return>  for immediate help.
 ...                                              
                                                  
l.2 ...–æ —Å–≤–æ–µ–º—É —Å–ø–∏—Å–∫—É-–∞—Ä–≥—É–º–µ–Ω
                                                  —Ç—É lst –æ–ø—Ä–µ–¥–µ–ª—è–...

You may provide a definition with
\DeclareUnicodeCharacter 


! Package inputenc Error: Unicode character —Ç (U+0442)
(inputenc)                not set up for use with LaTeX.

See the inputenc package documentation for explanation.
Type  H <return>  for immediate help.
 ...                                              
                                                  
l.2 ... —Å–≤–æ–µ–º—É —Å–ø–∏—Å–∫—É-–∞—Ä–≥—É–º–µ–Ω—Ç
                                                  —É lst –æ–ø—Ä–µ–¥–µ–ª—è–µ—...

You may provide a definition with
\DeclareUnicodeCharacter 


! Package inputenc Error: Unicode character —É (U+0443)
(inputenc)                not set up for use with LaTeX.

See the inputenc package documentation for explanation.
Type  H <return>  for immediate help.
 ...                                              
                                                  
l.2 ...Å–≤–æ–µ–º—É —Å–ø–∏—Å–∫—É-–∞—Ä–≥—É–º–µ–Ω—Ç—É
                                                   lst –æ–ø—Ä–µ–¥–µ–ª—è–µ—Ç—...

You may provide a definition with
\DeclareUnicodeCharacter 

Missing character: There is no l in font nullfont!
Missing character: There is no s in font nullfont!
Missing character: There is no t in font nullfont!

! Package inputenc Error: Unicode character –æ (U+043E)
(inputenc)                not set up for use with LaTeX.

See the inputenc package documentation for explanation.
Type  H <return>  for immediate help.
 ...                                              
                                                  
l.2 ...–º—É —Å–ø–∏—Å–∫—É-–∞—Ä–≥—É–º–µ–Ω—Ç—É lst –æ
                                                  –ø—Ä–µ–¥–µ–ª—è–µ—Ç—è–≤–ª—è...

You may provide a definition with
\DeclareUnicodeCharacter 


! Package inputenc Error: Unicode character –ø (U+043F)
(inputenc)                not set up for use with LaTeX.

See the inputenc package documentation for explanation.
Type  H <return>  for immediate help.
 ...                                              
                                                  
l.2 ...—É —Å–ø–∏—Å–∫—É-–∞—Ä–≥—É–º–µ–Ω—Ç—É lst –æ–ø
                                                  —Ä–µ–¥–µ–ª—è–µ—Ç—è–≤–ª—è–µ...

You may provide a definition with
\DeclareUnicodeCharacter 


! Package inputenc Error: Unicode character —Ä (U+0440)
(inputenc)                not set up for use with LaTeX.

See the inputenc package documentation for explanation.
Type  H <return>  for immediate help.
 ...                                              
                                                  
l.2 ... —Å–ø–∏—Å–∫—É-–∞—Ä–≥—É–º–µ–Ω—Ç—É lst –æ–ø—Ä
                                                  –µ–¥–µ–ª—è–µ—Ç—è–≤–ª—è–µ—Ç...

You may provide a definition with
\DeclareUnicodeCharacter 


! Package inputenc Error: Unicode character –µ (U+0435)
(inputenc)                not set up for use with LaTeX.

See the inputenc package documentation for explanation.
Type  H <return>  for immediate help.
 ...                                              
                                                  
l.2 ...Å–ø–∏—Å–∫—É-–∞—Ä–≥—É–º–µ–Ω—Ç—É lst –æ–ø—Ä–µ
                                                  –¥–µ–ª—è–µ—Ç—è–≤–ª—è–µ—Ç—Å...

You may provide a definition with
\DeclareUnicodeCharacter 


! Package inputenc Error: Unicode character –¥ (U+0434)
(inputenc)                not set up for use with LaTeX.

See the inputenc package documentation for explanation.
Type  H <return>  for immediate help.
 ...                                              
                                                  
l.2 ...ø–∏—Å–∫—É-–∞—Ä–≥—É–º–µ–Ω—Ç—É lst –æ–ø—Ä–µ–¥
                                                  –µ–ª—è–µ—Ç—è–≤–ª—è–µ—Ç—Å—è...

You may provide a definition with
\DeclareUnicodeCharacter 


! Package inputenc Error: Unicode character –µ (U+0435)
(inputenc)                not set up for use with LaTeX.

See the inputenc package documentation for explanation.
Type  H <return>  for immediate help.
 ...                                              
                                                  
l.2 ...∏—Å–∫—É-–∞—Ä–≥—É–º–µ–Ω—Ç—É lst –æ–ø—Ä–µ–¥–µ
                                                  –ª—è–µ—Ç—è–≤–ª—è–µ—Ç—Å—è –...

You may provide a definition with
\DeclareUnicodeCharacter 


! Package inputenc Error: Unicode character –ª (U+043B)
(inputenc)                not set up for use with LaTeX.

See the inputenc package documentation for explanation.
Type  H <return>  for immediate help.
 ...                                              
                                                  
l.2 ...Å–∫—É-–∞—Ä–≥—É–º–µ–Ω—Ç—É lst –æ–ø—Ä–µ–¥–µ–ª
                                                  —è–µ—Ç—è–≤–ª—è–µ—Ç—Å—è –ª–...

You may provide a definition with
\DeclareUnicodeCharacter 


! Package inputenc Error: Unicode character —è (U+044F)
(inputenc)                not set up for use with LaTeX.

See the inputenc package documentation for explanation.
Type  H <return>  for immediate help.
 ...                                              
                                                  
l.2 ...∫—É-–∞—Ä–≥—É–º–µ–Ω—Ç—É lst –æ–ø—Ä–µ–¥–µ–ª—è
                                                  –µ—Ç—è–≤–ª—è–µ—Ç—Å—è –ª–∏ ...

You may provide a definition with
\DeclareUnicodeCharacter 


! Package inputenc Error: Unicode character –µ (U+0435)
(inputenc)                not set up for use with LaTeX.

See the inputenc package documentation for explanation.
Type  H <return>  for immediate help.
 ...                                              
                                                  
l.2 ...É-–∞—Ä–≥—É–º–µ–Ω—Ç—É lst –æ–ø—Ä–µ–¥–µ–ª—è–µ
                                                  —Ç—è–≤–ª—è–µ—Ç—Å—è –ª–∏ –æ...

You may provide a definition with
\DeclareUnicodeCharacter 


! Package inputenc Error: Unicode character —Ç (U+0442)
(inputenc)                not set up for use with LaTeX.

See the inputenc package documentation for explanation.
Type  H <return>  for immediate help.
 ...                                              
                                                  
l.2 ...–∞—Ä–≥—É–º–µ–Ω—Ç—É lst –æ–ø—Ä–µ–¥–µ–ª—è–µ—Ç
                                                  —è–≤–ª—è–µ—Ç—Å—è –ª–∏ –æ–Ω...

You may provide a definition with
\DeclareUnicodeCharacter 


! Package inputenc Error: Unicode character —è (U+044F)
(inputenc)                not set up for use with LaTeX.

See the inputenc package documentation for explanation.
Type  H <return>  for immediate help.
 ...                                              
                                                  
l.2 ...—Ä–≥—É–º–µ–Ω—Ç—É lst –æ–ø—Ä–µ–¥–µ–ª—è–µ—Ç—è
                                                  –≤–ª—è–µ—Ç—Å—è –ª–∏ –æ–Ω –...

You may provide a definition with
\DeclareUnicodeCharacter 


! Package inputenc Error: Unicode character –≤ (U+0432)
(inputenc)                not set up for use with LaTeX.

See the inputenc package documentation for explanation.
Type  H <return>  for immediate help.
 ...                                              
                                                  
l.2 ...–≥—É–º–µ–Ω—Ç—É lst –æ–ø—Ä–µ–¥–µ–ª—è–µ—Ç—è–≤
                                                  –ª—è–µ—Ç—Å—è –ª–∏ –æ–Ω –ø–...

You may provide a definition with
\DeclareUnicodeCharacter 


! Package inputenc Error: Unicode character –ª (U+043B)
(inputenc)                not set up for use with LaTeX.

See the inputenc package documentation for explanation.
Type  H <return>  for immediate help.
 ...                                              
                                                  
l.2 ...—É–º–µ–Ω—Ç—É lst –æ–ø—Ä–µ–¥–µ–ª—è–µ—Ç—è–≤–ª
                                                  —è–µ—Ç—Å—è –ª–∏ –æ–Ω –ø–∞–...

You may provide a definition with
\DeclareUnicodeCharacter 


! Package inputenc Error: Unicode character —è (U+044F)
(inputenc)                not set up for use with LaTeX.

See the inputenc package documentation for explanation.
Type  H <return>  for immediate help.
 ...                                              
                                                  
l.2 ...–º–µ–Ω—Ç—É lst –æ–ø—Ä–µ–¥–µ–ª—è–µ—Ç—è–≤–ª—è
                                                  –µ—Ç—Å—è –ª–∏ –æ–Ω –ø–∞–ª–...

You may provide a definition with
\DeclareUnicodeCharacter 


! Package inputenc Error: Unicode character –µ (U+0435)
(inputenc)                not set up for use with LaTeX.

See the inputenc package documentation for explanation.
Type  H <return>  for immediate help.
 ...                                              
                                                  
l.2 ...–µ–Ω—Ç—É lst –æ–ø—Ä–µ–¥–µ–ª—è–µ—Ç—è–≤–ª—è–µ
                                                  —Ç—Å—è –ª–∏ –æ–Ω –ø–∞–ª–∏–...

You may provide a definition with
\DeclareUnicodeCharacter 


! Package inputenc Error: Unicode character —Ç (U+0442)
(inputenc)                not set up for use with LaTeX.

See the inputenc package documentation for explanation.
Type  H <return>  for immediate help.
 ...                                              
                                                  
l.2 ...–Ω—Ç—É lst –æ–ø—Ä–µ–¥–µ–ª—è–µ—Ç—è–≤–ª—è–µ—Ç
                                                  —Å—è –ª–∏ –æ–Ω –ø–∞–ª–∏–Ω–...

You may provide a definition with
\DeclareUnicodeCharacter 


! Package inputenc Error: Unicode character —Å (U+0441)
(inputenc)                not set up for use with LaTeX.

See the inputenc package documentation for explanation.
Type  H <return>  for immediate help.
 ...                                              
                                                  
l.2 ...—Ç—É lst –æ–ø—Ä–µ–¥–µ–ª—è–µ—Ç—è–≤–ª—è–µ—Ç—Å
                                                  —è –ª–∏ –æ–Ω –ø–∞–ª–∏–Ω–¥—...

You may provide a definition with
\DeclareUnicodeCharacter 


! Package inputenc Error: Unicode character —è (U+044F)
(inputenc)                not set up for use with LaTeX.

See the inputenc package documentation for explanation.
Type  H <return>  for immediate help.
 ...                                              
                                                  
l.2 ...—É lst –æ–ø—Ä–µ–¥–µ–ª—è–µ—Ç—è–≤–ª—è–µ—Ç—Å—è
                                                   –ª–∏ –æ–Ω –ø–∞–ª–∏–Ω–¥—Ä–...

You may provide a definition with
\DeclareUnicodeCharacter 


! Package inputenc Error: Unicode character –ª (U+043B)
(inputenc)                not set up for use with LaTeX.

See the inputenc package documentation for explanation.
Type  H <return>  for immediate help.
 ...                                              
                                                  
l.2 ...lst –æ–ø—Ä–µ–¥–µ–ª—è–µ—Ç—è–≤–ª—è–µ—Ç—Å—è –ª
                                                  –∏ –æ–Ω –ø–∞–ª–∏–Ω–¥—Ä–æ–º...

You may provide a definition with
\DeclareUnicodeCharacter 


! Package inputenc Error: Unicode character –∏ (U+0438)
(inputenc)                not set up for use with LaTeX.

See the inputenc package documentation for explanation.
Type  H <return>  for immediate help.
 ...                                              
                                                  
l.2 ...t –æ–ø—Ä–µ–¥–µ–ª—è–µ—Ç—è–≤–ª—è–µ—Ç—Å—è –ª–∏
                                                   –æ–Ω –ø–∞–ª–∏–Ω–¥—Ä–æ–º–æ...

You may provide a definition with
\DeclareUnicodeCharacter 


! Package inputenc Error: Unicode character –æ (U+043E)
(inputenc)                not set up for use with LaTeX.

See the inputenc package documentation for explanation.
Type  H <return>  for immediate help.
 ...                                              
                                                  
l.2 ...æ–ø—Ä–µ–¥–µ–ª—è–µ—Ç—è–≤–ª—è–µ—Ç—Å—è –ª–∏ –æ
                                                  –Ω –ø–∞–ª–∏–Ω–¥—Ä–æ–º–æ–º.}
You may provide a definition with
\DeclareUnicodeCharacter 


! Package inputenc Error: Unicode character –Ω (U+043D)
(inputenc)                not set up for use with LaTeX.

See the inputenc package documentation for explanation.
Type  H <return>  for immediate help.
 ...                                              
                                                  
l.2 ...ø—Ä–µ–¥–µ–ª—è–µ—Ç—è–≤–ª—è–µ—Ç—Å—è –ª–∏ –æ–Ω
                                                   –ø–∞–ª–∏–Ω–¥—Ä–æ–º–æ–º.}
You may provide a definition with
\DeclareUnicodeCharacter 


! Package inputenc Error: Unicode character –ø (U+043F)
(inputenc)                not set up for use with LaTeX.

See the inputenc package documentation for explanation.
Type  H <return>  for immediate help.
 ...                                              
                                                  
l.2 ...–µ–¥–µ–ª—è–µ—Ç—è–≤–ª—è–µ—Ç—Å—è –ª–∏ –æ–Ω –ø
                                                  –∞–ª–∏–Ω–¥—Ä–æ–º–æ–º.}
You may provide a definition with
\DeclareUnicodeCharacter 


! Package inputenc Error: Unicode character –∞ (U+0430)
(inputenc)                not set up for use with LaTeX.

See the inputenc package documentation for explanation.
Type  H <return>  for immediate help.
 ...                                              
                                                  
l.2 ...–¥–µ–ª—è–µ—Ç—è–≤–ª—è–µ—Ç—Å—è –ª–∏ –æ–Ω –ø–∞
                                                  –ª–∏–Ω–¥—Ä–æ–º–æ–º.}
You may provide a definition with
\DeclareUnicodeCharacter 


! Package inputenc Error: Unicode character –ª (U+043B)
(inputenc)                not set up for use with LaTeX.

See the inputenc package documentation for explanation.
Type  H <return>  for immediate help.
 ...                                              
                                                  
l.2 ...–µ–ª—è–µ—Ç—è–≤–ª—è–µ—Ç—Å—è –ª–∏ –æ–Ω –ø–∞–ª
                                                  –∏–Ω–¥—Ä–æ–º–æ–º.}
You may provide a definition with
\DeclareUnicodeCharacter 


! Package inputenc Error: Unicode character –∏ (U+0438)
(inputenc)                not set up for use with LaTeX.

See the inputenc package documentation for explanation.
Type  H <return>  for immediate help.
 ...                                              
                                                  
l.2 ...–ª—è–µ—Ç—è–≤–ª—è–µ—Ç—Å—è –ª–∏ –æ–Ω –ø–∞–ª–∏
                                                  –Ω–¥—Ä–æ–º–æ–º.}
You may provide a definition with
\DeclareUnicodeCharacter 


! Package inputenc Error: Unicode character –Ω (U+043D)
(inputenc)                not set up for use with LaTeX.

See the inputenc package documentation for explanation.
Type  H <return>  for immediate help.
 ...                                              
                                                  
l.2 ...—è–µ—Ç—è–≤–ª—è–µ—Ç—Å—è –ª–∏ –æ–Ω –ø–∞–ª–∏–Ω
                                                  –¥—Ä–æ–º–æ–º.}
You may provide a definition with
\DeclareUnicodeCharacter 


! Package inputenc Error: Unicode character –¥ (U+0434)
(inputenc)                not set up for use with LaTeX.

See the inputenc package documentation for explanation.
Type  H <return>  for immediate help.
 ...                                              
                                                  
l.2 ...–µ—Ç—è–≤–ª—è–µ—Ç—Å—è –ª–∏ –æ–Ω –ø–∞–ª–∏–Ω–¥
                                                  —Ä–æ–º–æ–º.}
You may provide a definition with
\DeclareUnicodeCharacter 


! Package inputenc Error: Unicode character —Ä (U+0440)
(inputenc)                not set up for use with LaTeX.

See the inputenc package documentation for explanation.
Type  H <return>  for immediate help.
 ...                                              
                                                  
l.2 ...—Ç—è–≤–ª—è–µ—Ç—Å—è –ª–∏ –æ–Ω –ø–∞–ª–∏–Ω–¥—Ä
                                                  –æ–º–æ–º.}
You may provide a definition with
\DeclareUnicodeCharacter 


! Package inputenc Error: Unicode character –æ (U+043E)
(inputenc)                not set up for use with LaTeX.

See the inputenc package documentation for explanation.
Type  H <return>  for immediate help.
 ...                                              
                                                  
l.2 ...—è–≤–ª—è–µ—Ç—Å—è –ª–∏ –æ–Ω –ø–∞–ª–∏–Ω–¥—Ä–æ
                                                  –º–æ–º.}
You may provide a definition with
\DeclareUnicodeCharacter 


! Package inputenc Error: Unicode character –º (U+043C)
(inputenc)                not set up for use with LaTeX.

See the inputenc package documentation for explanation.
Type  H <return>  for immediate help.
 ...                                              
                                                  
l.2 ...–≤–ª—è–µ—Ç—Å—è –ª–∏ –æ–Ω –ø–∞–ª–∏–Ω–¥—Ä–æ–º
                                                  –æ–º.}
You may provide a definition with
\DeclareUnicodeCharacter 


! Package inputenc Error: Unicode character –æ (U+043E)
(inputenc)                not set up for use with LaTeX.

See the inputenc package documentation for explanation.
Type  H <return>  for immediate help.
 ...                                              
                                                  
l.2 ...–ª—è–µ—Ç—Å—è –ª–∏ –æ–Ω –ø–∞–ª–∏–Ω–¥—Ä–æ–º–æ
                                                  –º.}
You may provide a definition with
\DeclareUnicodeCharacter 


! Package inputenc Error: Unicode character –º (U+043C)
(inputenc)                not set up for use with LaTeX.

See the inputenc package documentation for explanation.
Type  H <return>  for immediate help.
 ...                                              
                                                  
l.2 ...—è–µ—Ç—Å—è –ª–∏ –æ–Ω –ø–∞–ª–∏–Ω–¥—Ä–æ–º–æ–º
                                                  .}
(That makes 100 errors; please try again.) 
Here is how much of TeX's memory you used:
 42 strings out of 479304
 734 string characters out of 5869779
 271122 words of memory out of 5000000
 17333 multiletter control sequences out of 15000+600000
 403430 words of font info for 27 fonts, out of 8000000 for 9000
 1141 hyphenation exceptions out of 8191
 13i,0n,15p,206b,38s stack positions out of 5000i,500n,10000p,200000b,80000s

!  ==> Fatal error occurred, no output PDF file produced!
