This is pdfTeX, Version 3.14159265-2.6-1.40.21 (TeX Live 2020/Debian) (preloaded format=pdflatex 2022.2.16)  10 MAR 2022 01:19
entering extended mode
 restricted \write18 enabled.
 %&-line parsing enabled.
**01_theory.tex
(./01_theory.tex
LaTeX2e <2020-10-01> patch level 4
L3 programming layer <2021-01-09> xparse <2020-03-03>
! Undefined control sequence.
l.1 \chapter
            {–¢–µ–æ—Ä–µ—Ç–∏—á–µ—Å–∫–∏–µ –≤–æ–ø—Ä–æ—Å—ã}
The control sequence at the end of the top line
of your error message was never \def'ed. If you have
misspelled it (e.g., `\hobx'), type `I' and the correct
spelling (e.g., `I\hbox'). Otherwise just continue,
and I'll forget about whatever was undefined.


! Package inputenc Error: Unicode character –¢ (U+0422)
(inputenc)                not set up for use with LaTeX.

See the inputenc package documentation for explanation.
Type  H <return>  for immediate help.
 ...                                              
                                                  
l.1 \chapter{–¢
               –µ–æ—Ä–µ—Ç–∏—á–µ—Å–∫–∏–µ –≤–æ–ø—Ä–æ—Å—ã}
You may provide a definition with
\DeclareUnicodeCharacter 


! Package inputenc Error: Unicode character –µ (U+0435)
(inputenc)                not set up for use with LaTeX.

See the inputenc package documentation for explanation.
Type  H <return>  for immediate help.
 ...                                              
                                                  
l.1 \chapter{–¢–µ
                 –æ—Ä–µ—Ç–∏—á–µ—Å–∫–∏–µ –≤–æ–ø—Ä–æ—Å—ã}
You may provide a definition with
\DeclareUnicodeCharacter 


! Package inputenc Error: Unicode character –æ (U+043E)
(inputenc)                not set up for use with LaTeX.

See the inputenc package documentation for explanation.
Type  H <return>  for immediate help.
 ...                                              
                                                  
l.1 \chapter{–¢–µ–æ
                   —Ä–µ—Ç–∏—á–µ—Å–∫–∏–µ –≤–æ–ø—Ä–æ—Å—ã}
You may provide a definition with
\DeclareUnicodeCharacter 


! Package inputenc Error: Unicode character —Ä (U+0440)
(inputenc)                not set up for use with LaTeX.

See the inputenc package documentation for explanation.
Type  H <return>  for immediate help.
 ...                                              
                                                  
l.1 \chapter{–¢–µ–æ—Ä
                     –µ—Ç–∏—á–µ—Å–∫–∏–µ –≤–æ–ø—Ä–æ—Å—ã}
You may provide a definition with
\DeclareUnicodeCharacter 


! Package inputenc Error: Unicode character –µ (U+0435)
(inputenc)                not set up for use with LaTeX.

See the inputenc package documentation for explanation.
Type  H <return>  for immediate help.
 ...                                              
                                                  
l.1 \chapter{–¢–µ–æ—Ä–µ
                       —Ç–∏—á–µ—Å–∫–∏–µ –≤–æ–ø—Ä–æ—Å—ã}
You may provide a definition with
\DeclareUnicodeCharacter 


! Package inputenc Error: Unicode character —Ç (U+0442)
(inputenc)                not set up for use with LaTeX.

See the inputenc package documentation for explanation.
Type  H <return>  for immediate help.
 ...                                              
                                                  
l.1 \chapter{–¢–µ–æ—Ä–µ—Ç
                         –∏—á–µ—Å–∫–∏–µ –≤–æ–ø—Ä–æ—Å—ã}
You may provide a definition with
\DeclareUnicodeCharacter 


! Package inputenc Error: Unicode character –∏ (U+0438)
(inputenc)                not set up for use with LaTeX.

See the inputenc package documentation for explanation.
Type  H <return>  for immediate help.
 ...                                              
                                                  
l.1 \chapter{–¢–µ–æ—Ä–µ—Ç–∏
                           —á–µ—Å–∫–∏–µ –≤–æ–ø—Ä–æ—Å—ã}
You may provide a definition with
\DeclareUnicodeCharacter 


! Package inputenc Error: Unicode character —á (U+0447)
(inputenc)                not set up for use with LaTeX.

See the inputenc package documentation for explanation.
Type  H <return>  for immediate help.
 ...                                              
                                                  
l.1 \chapter{–¢–µ–æ—Ä–µ—Ç–∏—á
                             –µ—Å–∫–∏–µ –≤–æ–ø—Ä–æ—Å—ã}
You may provide a definition with
\DeclareUnicodeCharacter 


! Package inputenc Error: Unicode character –µ (U+0435)
(inputenc)                not set up for use with LaTeX.

See the inputenc package documentation for explanation.
Type  H <return>  for immediate help.
 ...                                              
                                                  
l.1 \chapter{–¢–µ–æ—Ä–µ—Ç–∏—á–µ
                               —Å–∫–∏–µ –≤–æ–ø—Ä–æ—Å—ã}
You may provide a definition with
\DeclareUnicodeCharacter 


! Package inputenc Error: Unicode character —Å (U+0441)
(inputenc)                not set up for use with LaTeX.

See the inputenc package documentation for explanation.
Type  H <return>  for immediate help.
 ...                                              
                                                  
l.1 \chapter{–¢–µ–æ—Ä–µ—Ç–∏—á–µ—Å
                                 –∫–∏–µ –≤–æ–ø—Ä–æ—Å—ã}
You may provide a definition with
\DeclareUnicodeCharacter 


! Package inputenc Error: Unicode character –∫ (U+043A)
(inputenc)                not set up for use with LaTeX.

See the inputenc package documentation for explanation.
Type  H <return>  for immediate help.
 ...                                              
                                                  
l.1 \chapter{–¢–µ–æ—Ä–µ—Ç–∏—á–µ—Å–∫
                                   –∏–µ –≤–æ–ø—Ä–æ—Å—ã}
You may provide a definition with
\DeclareUnicodeCharacter 


! Package inputenc Error: Unicode character –∏ (U+0438)
(inputenc)                not set up for use with LaTeX.

See the inputenc package documentation for explanation.
Type  H <return>  for immediate help.
 ...                                              
                                                  
l.1 \chapter{–¢–µ–æ—Ä–µ—Ç–∏—á–µ—Å–∫–∏
                                     –µ –≤–æ–ø—Ä–æ—Å—ã}
You may provide a definition with
\DeclareUnicodeCharacter 


! Package inputenc Error: Unicode character –µ (U+0435)
(inputenc)                not set up for use with LaTeX.

See the inputenc package documentation for explanation.
Type  H <return>  for immediate help.
 ...                                              
                                                  
l.1 \chapter{–¢–µ–æ—Ä–µ—Ç–∏—á–µ—Å–∫–∏–µ
                                        –≤–æ–ø—Ä–æ—Å—ã}
You may provide a definition with
\DeclareUnicodeCharacter 


! Package inputenc Error: Unicode character –≤ (U+0432)
(inputenc)                not set up for use with LaTeX.

See the inputenc package documentation for explanation.
Type  H <return>  for immediate help.
 ...                                              
                                                  
l.1 \chapter{–¢–µ–æ—Ä–µ—Ç–∏—á–µ—Å–∫–∏–µ –≤
                                          –æ–ø—Ä–æ—Å—ã}
You may provide a definition with
\DeclareUnicodeCharacter 


! Package inputenc Error: Unicode character –æ (U+043E)
(inputenc)                not set up for use with LaTeX.

See the inputenc package documentation for explanation.
Type  H <return>  for immediate help.
 ...                                              
                                                  
l.1 \chapter{–¢–µ–æ—Ä–µ—Ç–∏—á–µ—Å–∫–∏–µ –≤–æ
                                            –ø—Ä–æ—Å—ã}
You may provide a definition with
\DeclareUnicodeCharacter 


! Package inputenc Error: Unicode character –ø (U+043F)
(inputenc)                not set up for use with LaTeX.

See the inputenc package documentation for explanation.
Type  H <return>  for immediate help.
 ...                                              
                                                  
l.1 \chapter{–¢–µ–æ—Ä–µ—Ç–∏—á–µ—Å–∫–∏–µ –≤–æ–ø
                                              —Ä–æ—Å—ã}
You may provide a definition with
\DeclareUnicodeCharacter 


! Package inputenc Error: Unicode character —Ä (U+0440)
(inputenc)                not set up for use with LaTeX.

See the inputenc package documentation for explanation.
Type  H <return>  for immediate help.
 ...                                              
                                                  
l.1 \chapter{–¢–µ–æ—Ä–µ—Ç–∏—á–µ—Å–∫–∏–µ –≤–æ–ø—Ä
                                                –æ—Å—ã}
You may provide a definition with
\DeclareUnicodeCharacter 


! Package inputenc Error: Unicode character –æ (U+043E)
(inputenc)                not set up for use with LaTeX.

See the inputenc package documentation for explanation.
Type  H <return>  for immediate help.
 ...                                              
                                                  
l.1 \chapter{–¢–µ–æ—Ä–µ—Ç–∏—á–µ—Å–∫–∏–µ –≤–æ–ø—Ä–æ
                                                  —Å—ã}
You may provide a definition with
\DeclareUnicodeCharacter 


! Package inputenc Error: Unicode character —Å (U+0441)
(inputenc)                not set up for use with LaTeX.

See the inputenc package documentation for explanation.
Type  H <return>  for immediate help.
 ...                                              
                                                  
l.1 ...ter{–¢–µ–æ—Ä–µ—Ç–∏—á–µ—Å–∫–∏–µ –≤–æ–ø—Ä–æ—Å
                                                  —ã}
You may provide a definition with
\DeclareUnicodeCharacter 


! Package inputenc Error: Unicode character —ã (U+044B)
(inputenc)                not set up for use with LaTeX.

See the inputenc package documentation for explanation.
Type  H <return>  for immediate help.
 ...                                              
                                                  
l.1 ...r{–¢–µ–æ—Ä–µ—Ç–∏—á–µ—Å–∫–∏–µ –≤–æ–ø—Ä–æ—Å—ã
                                                  }
You may provide a definition with
\DeclareUnicodeCharacter 

! Undefined control sequence.
l.2 \section
            {–°—Ç—Ä—É–∫—Ç—É—Ä–æ—Ä–∞–∑—Ä—É—à–∞—é—â–∏–µ –∏ –Ω–µ —Ä–∞–∑—Ä—É—à–∞...
The control sequence at the end of the top line
of your error message was never \def'ed. If you have
misspelled it (e.g., `\hobx'), type `I' and the correct
spelling (e.g., `I\hbox'). Otherwise just continue,
and I'll forget about whatever was undefined.


! Package inputenc Error: Unicode character –° (U+0421)
(inputenc)                not set up for use with LaTeX.

See the inputenc package documentation for explanation.
Type  H <return>  for immediate help.
 ...                                              
                                                  
l.2 \section{–°
               —Ç—Ä—É–∫—Ç—É—Ä–æ—Ä–∞–∑—Ä—É—à–∞—é—â–∏–µ –∏ –Ω–µ —Ä–∞–∑—Ä—É—à–∞...

You may provide a definition with
\DeclareUnicodeCharacter 


! Package inputenc Error: Unicode character —Ç (U+0442)
(inputenc)                not set up for use with LaTeX.

See the inputenc package documentation for explanation.
Type  H <return>  for immediate help.
 ...                                              
                                                  
l.2 \section{–°—Ç
                 —Ä—É–∫—Ç—É—Ä–æ—Ä–∞–∑—Ä—É—à–∞—é—â–∏–µ –∏ –Ω–µ —Ä–∞–∑—Ä—É—à–∞...

You may provide a definition with
\DeclareUnicodeCharacter 


! Package inputenc Error: Unicode character —Ä (U+0440)
(inputenc)                not set up for use with LaTeX.

See the inputenc package documentation for explanation.
Type  H <return>  for immediate help.
 ...                                              
                                                  
l.2 \section{–°—Ç—Ä
                   —É–∫—Ç—É—Ä–æ—Ä–∞–∑—Ä—É—à–∞—é—â–∏–µ –∏ –Ω–µ —Ä–∞–∑—Ä—É—à–∞...

You may provide a definition with
\DeclareUnicodeCharacter 


! Package inputenc Error: Unicode character —É (U+0443)
(inputenc)                not set up for use with LaTeX.

See the inputenc package documentation for explanation.
Type  H <return>  for immediate help.
 ...                                              
                                                  
l.2 \section{–°—Ç—Ä—É
                     –∫—Ç—É—Ä–æ—Ä–∞–∑—Ä—É—à–∞—é—â–∏–µ –∏ –Ω–µ —Ä–∞–∑—Ä—É—à–∞...

You may provide a definition with
\DeclareUnicodeCharacter 


! Package inputenc Error: Unicode character –∫ (U+043A)
(inputenc)                not set up for use with LaTeX.

See the inputenc package documentation for explanation.
Type  H <return>  for immediate help.
 ...                                              
                                                  
l.2 \section{–°—Ç—Ä—É–∫
                       —Ç—É—Ä–æ—Ä–∞–∑—Ä—É—à–∞—é—â–∏–µ –∏ –Ω–µ —Ä–∞–∑—Ä—É—à–∞...

You may provide a definition with
\DeclareUnicodeCharacter 


! Package inputenc Error: Unicode character —Ç (U+0442)
(inputenc)                not set up for use with LaTeX.

See the inputenc package documentation for explanation.
Type  H <return>  for immediate help.
 ...                                              
                                                  
l.2 \section{–°—Ç—Ä—É–∫—Ç
                         —É—Ä–æ—Ä–∞–∑—Ä—É—à–∞—é—â–∏–µ –∏ –Ω–µ —Ä–∞–∑—Ä—É—à–∞...

You may provide a definition with
\DeclareUnicodeCharacter 


! Package inputenc Error: Unicode character —É (U+0443)
(inputenc)                not set up for use with LaTeX.

See the inputenc package documentation for explanation.
Type  H <return>  for immediate help.
 ...                                              
                                                  
l.2 \section{–°—Ç—Ä—É–∫—Ç—É
                           —Ä–æ—Ä–∞–∑—Ä—É—à–∞—é—â–∏–µ –∏ –Ω–µ —Ä–∞–∑—Ä—É—à–∞...

You may provide a definition with
\DeclareUnicodeCharacter 


! Package inputenc Error: Unicode character —Ä (U+0440)
(inputenc)                not set up for use with LaTeX.

See the inputenc package documentation for explanation.
Type  H <return>  for immediate help.
 ...                                              
                                                  
l.2 \section{–°—Ç—Ä—É–∫—Ç—É—Ä
                             –æ—Ä–∞–∑—Ä—É—à–∞—é—â–∏–µ –∏ –Ω–µ —Ä–∞–∑—Ä—É—à–∞...

You may provide a definition with
\DeclareUnicodeCharacter 


! Package inputenc Error: Unicode character –æ (U+043E)
(inputenc)                not set up for use with LaTeX.

See the inputenc package documentation for explanation.
Type  H <return>  for immediate help.
 ...                                              
                                                  
l.2 \section{–°—Ç—Ä—É–∫—Ç—É—Ä–æ
                               —Ä–∞–∑—Ä—É—à–∞—é—â–∏–µ –∏ –Ω–µ —Ä–∞–∑—Ä—É—à–∞...

You may provide a definition with
\DeclareUnicodeCharacter 


! Package inputenc Error: Unicode character —Ä (U+0440)
(inputenc)                not set up for use with LaTeX.

See the inputenc package documentation for explanation.
Type  H <return>  for immediate help.
 ...                                              
                                                  
l.2 \section{–°—Ç—Ä—É–∫—Ç—É—Ä–æ—Ä
                                 –∞–∑—Ä—É—à–∞—é—â–∏–µ –∏ –Ω–µ —Ä–∞–∑—Ä—É—à–∞...

You may provide a definition with
\DeclareUnicodeCharacter 


! Package inputenc Error: Unicode character –∞ (U+0430)
(inputenc)                not set up for use with LaTeX.

See the inputenc package documentation for explanation.
Type  H <return>  for immediate help.
 ...                                              
                                                  
l.2 \section{–°—Ç—Ä—É–∫—Ç—É—Ä–æ—Ä–∞
                                   –∑—Ä—É—à–∞—é—â–∏–µ –∏ –Ω–µ —Ä–∞–∑—Ä—É—à–∞...

You may provide a definition with
\DeclareUnicodeCharacter 


! Package inputenc Error: Unicode character –∑ (U+0437)
(inputenc)                not set up for use with LaTeX.

See the inputenc package documentation for explanation.
Type  H <return>  for immediate help.
 ...                                              
                                                  
l.2 \section{–°—Ç—Ä—É–∫—Ç—É—Ä–æ—Ä–∞–∑
                                     —Ä—É—à–∞—é—â–∏–µ –∏ –Ω–µ —Ä–∞–∑—Ä—É—à–∞...

You may provide a definition with
\DeclareUnicodeCharacter 


! Package inputenc Error: Unicode character —Ä (U+0440)
(inputenc)                not set up for use with LaTeX.

See the inputenc package documentation for explanation.
Type  H <return>  for immediate help.
 ...                                              
                                                  
l.2 \section{–°—Ç—Ä—É–∫—Ç—É—Ä–æ—Ä–∞–∑—Ä
                                       —É—à–∞—é—â–∏–µ –∏ –Ω–µ —Ä–∞–∑—Ä—É—à–∞...

You may provide a definition with
\DeclareUnicodeCharacter 


! Package inputenc Error: Unicode character —É (U+0443)
(inputenc)                not set up for use with LaTeX.

See the inputenc package documentation for explanation.
Type  H <return>  for immediate help.
 ...                                              
                                                  
l.2 \section{–°—Ç—Ä—É–∫—Ç—É—Ä–æ—Ä–∞–∑—Ä—É
                                         —à–∞—é—â–∏–µ –∏ –Ω–µ —Ä–∞–∑—Ä—É—à–∞...

You may provide a definition with
\DeclareUnicodeCharacter 


! Package inputenc Error: Unicode character —à (U+0448)
(inputenc)                not set up for use with LaTeX.

See the inputenc package documentation for explanation.
Type  H <return>  for immediate help.
 ...                                              
                                                  
l.2 \section{–°—Ç—Ä—É–∫—Ç—É—Ä–æ—Ä–∞–∑—Ä—É—à
                                           –∞—é—â–∏–µ –∏ –Ω–µ —Ä–∞–∑—Ä—É—à–∞...

You may provide a definition with
\DeclareUnicodeCharacter 


! Package inputenc Error: Unicode character –∞ (U+0430)
(inputenc)                not set up for use with LaTeX.

See the inputenc package documentation for explanation.
Type  H <return>  for immediate help.
 ...                                              
                                                  
l.2 \section{–°—Ç—Ä—É–∫—Ç—É—Ä–æ—Ä–∞–∑—Ä—É—à–∞
                                             —é—â–∏–µ –∏ –Ω–µ —Ä–∞–∑—Ä—É—à–∞...

You may provide a definition with
\DeclareUnicodeCharacter 


! Package inputenc Error: Unicode character —é (U+044E)
(inputenc)                not set up for use with LaTeX.

See the inputenc package documentation for explanation.
Type  H <return>  for immediate help.
 ...                                              
                                                  
l.2 \section{–°—Ç—Ä—É–∫—Ç—É—Ä–æ—Ä–∞–∑—Ä—É—à–∞—é
                                               —â–∏–µ –∏ –Ω–µ —Ä–∞–∑—Ä—É—à–∞...

You may provide a definition with
\DeclareUnicodeCharacter 


! Package inputenc Error: Unicode character —â (U+0449)
(inputenc)                not set up for use with LaTeX.

See the inputenc package documentation for explanation.
Type  H <return>  for immediate help.
 ...                                              
                                                  
l.2 \section{–°—Ç—Ä—É–∫—Ç—É—Ä–æ—Ä–∞–∑—Ä—É—à–∞—é—â
                                                 –∏–µ –∏ –Ω–µ —Ä–∞–∑—Ä—É—à–∞...

You may provide a definition with
\DeclareUnicodeCharacter 


! Package inputenc Error: Unicode character –∏ (U+0438)
(inputenc)                not set up for use with LaTeX.

See the inputenc package documentation for explanation.
Type  H <return>  for immediate help.
 ...                                              
                                                  
l.2 ...tion{–°—Ç—Ä—É–∫—Ç—É—Ä–æ—Ä–∞–∑—Ä—É—à–∞—é—â–∏
                                                  –µ –∏ –Ω–µ —Ä–∞–∑—Ä—É—à–∞—...

You may provide a definition with
\DeclareUnicodeCharacter 


! Package inputenc Error: Unicode character –µ (U+0435)
(inputenc)                not set up for use with LaTeX.

See the inputenc package documentation for explanation.
Type  H <return>  for immediate help.
 ...                                              
                                                  
l.2 ...on{–°—Ç—Ä—É–∫—Ç—É—Ä–æ—Ä–∞–∑—Ä—É—à–∞—é—â–∏–µ
                                                   –∏ –Ω–µ —Ä–∞–∑—Ä—É—à–∞—é—...

You may provide a definition with
\DeclareUnicodeCharacter 


! Package inputenc Error: Unicode character –∏ (U+0438)
(inputenc)                not set up for use with LaTeX.

See the inputenc package documentation for explanation.
Type  H <return>  for immediate help.
 ...                                              
                                                  
l.2 ...–°—Ç—Ä—É–∫—Ç—É—Ä–æ—Ä–∞–∑—Ä—É—à–∞—é—â–∏–µ –∏
                                                   –Ω–µ —Ä–∞–∑—Ä—É—à–∞—é—â–∏...

You may provide a definition with
\DeclareUnicodeCharacter 


! Package inputenc Error: Unicode character –Ω (U+043D)
(inputenc)                not set up for use with LaTeX.

See the inputenc package documentation for explanation.
Type  H <return>  for immediate help.
 ...                                              
                                                  
l.2 ...Ç—Ä—É–∫—Ç—É—Ä–æ—Ä–∞–∑—Ä—É—à–∞—é—â–∏–µ –∏ –Ω
                                                  –µ —Ä–∞–∑—Ä—É—à–∞—é—â–∏–µ ...

You may provide a definition with
\DeclareUnicodeCharacter 


! Package inputenc Error: Unicode character –µ (U+0435)
(inputenc)                not set up for use with LaTeX.

See the inputenc package documentation for explanation.
Type  H <return>  for immediate help.
 ...                                              
                                                  
l.2 ...Ä—É–∫—Ç—É—Ä–æ—Ä–∞–∑—Ä—É—à–∞—é—â–∏–µ –∏ –Ω–µ
                                                   —Ä–∞–∑—Ä—É—à–∞—é—â–∏–µ —Å...

You may provide a definition with
\DeclareUnicodeCharacter 


! Package inputenc Error: Unicode character —Ä (U+0440)
(inputenc)                not set up for use with LaTeX.

See the inputenc package documentation for explanation.
Type  H <return>  for immediate help.
 ...                                              
                                                  
l.2 ...–∫—Ç—É—Ä–æ—Ä–∞–∑—Ä—É—à–∞—é—â–∏–µ –∏ –Ω–µ —Ä
                                                  –∞–∑—Ä—É—à–∞—é—â–∏–µ —Å—Ç—...

You may provide a definition with
\DeclareUnicodeCharacter 


! Package inputenc Error: Unicode character –∞ (U+0430)
(inputenc)                not set up for use with LaTeX.

See the inputenc package documentation for explanation.
Type  H <return>  for immediate help.
 ...                                              
                                                  
l.2 ...—Ç—É—Ä–æ—Ä–∞–∑—Ä—É—à–∞—é—â–∏–µ –∏ –Ω–µ —Ä–∞
                                                  –∑—Ä—É—à–∞—é—â–∏–µ —Å—Ç—Ä—...

You may provide a definition with
\DeclareUnicodeCharacter 


! Package inputenc Error: Unicode character –∑ (U+0437)
(inputenc)                not set up for use with LaTeX.

See the inputenc package documentation for explanation.
Type  H <return>  for immediate help.
 ...                                              
                                                  
l.2 ...—É—Ä–æ—Ä–∞–∑—Ä—É—à–∞—é—â–∏–µ –∏ –Ω–µ —Ä–∞–∑
                                                  —Ä—É—à–∞—é—â–∏–µ —Å—Ç—Ä—É–...

You may provide a definition with
\DeclareUnicodeCharacter 


! Package inputenc Error: Unicode character —Ä (U+0440)
(inputenc)                not set up for use with LaTeX.

See the inputenc package documentation for explanation.
Type  H <return>  for immediate help.
 ...                                              
                                                  
l.2 ...—Ä–æ—Ä–∞–∑—Ä—É—à–∞—é—â–∏–µ –∏ –Ω–µ —Ä–∞–∑—Ä
                                                  —É—à–∞—é—â–∏–µ —Å—Ç—Ä—É–∫—...

You may provide a definition with
\DeclareUnicodeCharacter 


! Package inputenc Error: Unicode character —É (U+0443)
(inputenc)                not set up for use with LaTeX.

See the inputenc package documentation for explanation.
Type  H <return>  for immediate help.
 ...                                              
                                                  
l.2 ...–æ—Ä–∞–∑—Ä—É—à–∞—é—â–∏–µ –∏ –Ω–µ —Ä–∞–∑—Ä—É
                                                  —à–∞—é—â–∏–µ —Å—Ç—Ä—É–∫—Ç—...

You may provide a definition with
\DeclareUnicodeCharacter 


! Package inputenc Error: Unicode character —à (U+0448)
(inputenc)                not set up for use with LaTeX.

See the inputenc package documentation for explanation.
Type  H <return>  for immediate help.
 ...                                              
                                                  
l.2 ...—Ä–∞–∑—Ä—É—à–∞—é—â–∏–µ –∏ –Ω–µ —Ä–∞–∑—Ä—É—à
                                                  –∞—é—â–∏–µ —Å—Ç—Ä—É–∫—Ç—É—...

You may provide a definition with
\DeclareUnicodeCharacter 


! Package inputenc Error: Unicode character –∞ (U+0430)
(inputenc)                not set up for use with LaTeX.

See the inputenc package documentation for explanation.
Type  H <return>  for immediate help.
 ...                                              
                                                  
l.2 ...–∞–∑—Ä—É—à–∞—é—â–∏–µ –∏ –Ω–µ —Ä–∞–∑—Ä—É—à–∞
                                                  —é—â–∏–µ —Å—Ç—Ä—É–∫—Ç—É—Ä—...

You may provide a definition with
\DeclareUnicodeCharacter 


! Package inputenc Error: Unicode character —é (U+044E)
(inputenc)                not set up for use with LaTeX.

See the inputenc package documentation for explanation.
Type  H <return>  for immediate help.
 ...                                              
                                                  
l.2 ...–∑—Ä—É—à–∞—é—â–∏–µ –∏ –Ω–µ —Ä–∞–∑—Ä—É—à–∞—é
                                                  —â–∏–µ —Å—Ç—Ä—É–∫—Ç—É—Ä—É ...

You may provide a definition with
\DeclareUnicodeCharacter 


! Package inputenc Error: Unicode character —â (U+0449)
(inputenc)                not set up for use with LaTeX.

See the inputenc package documentation for explanation.
Type  H <return>  for immediate help.
 ...                                              
                                                  
l.2 ...—Ä—É—à–∞—é—â–∏–µ –∏ –Ω–µ —Ä–∞–∑—Ä—É—à–∞—é—â
                                                  –∏–µ —Å—Ç—Ä—É–∫—Ç—É—Ä—É —Å...

You may provide a definition with
\DeclareUnicodeCharacter 


! Package inputenc Error: Unicode character –∏ (U+0438)
(inputenc)                not set up for use with LaTeX.

See the inputenc package documentation for explanation.
Type  H <return>  for immediate help.
 ...                                              
                                                  
l.2 ...—É—à–∞—é—â–∏–µ –∏ –Ω–µ —Ä–∞–∑—Ä—É—à–∞—é—â–∏
                                                  –µ —Å—Ç—Ä—É–∫—Ç—É—Ä—É —Å–ø...

You may provide a definition with
\DeclareUnicodeCharacter 


! Package inputenc Error: Unicode character –µ (U+0435)
(inputenc)                not set up for use with LaTeX.

See the inputenc package documentation for explanation.
Type  H <return>  for immediate help.
 ...                                              
                                                  
l.2 ...—à–∞—é—â–∏–µ –∏ –Ω–µ —Ä–∞–∑—Ä—É—à–∞—é—â–∏–µ
                                                   —Å—Ç—Ä—É–∫—Ç—É—Ä—É —Å–ø–∏...

You may provide a definition with
\DeclareUnicodeCharacter 


! Package inputenc Error: Unicode character —Å (U+0441)
(inputenc)                not set up for use with LaTeX.

See the inputenc package documentation for explanation.
Type  H <return>  for immediate help.
 ...                                              
                                                  
l.2 ...∞—é—â–∏–µ –∏ –Ω–µ —Ä–∞–∑—Ä—É—à–∞—é—â–∏–µ —Å
                                                  —Ç—Ä—É–∫—Ç—É—Ä—É —Å–ø–∏—Å–...

You may provide a definition with
\DeclareUnicodeCharacter 


! Package inputenc Error: Unicode character —Ç (U+0442)
(inputenc)                not set up for use with LaTeX.

See the inputenc package documentation for explanation.
Type  H <return>  for immediate help.
 ...                                              
                                                  
l.2 ...é—â–∏–µ –∏ –Ω–µ —Ä–∞–∑—Ä—É—à–∞—é—â–∏–µ —Å—Ç
                                                  —Ä—É–∫—Ç—É—Ä—É —Å–ø–∏—Å–∫–...

You may provide a definition with
\DeclareUnicodeCharacter 


! Package inputenc Error: Unicode character —Ä (U+0440)
(inputenc)                not set up for use with LaTeX.

See the inputenc package documentation for explanation.
Type  H <return>  for immediate help.
 ...                                              
                                                  
l.2 ...â–∏–µ –∏ –Ω–µ —Ä–∞–∑—Ä—É—à–∞—é—â–∏–µ —Å—Ç—Ä
                                                  —É–∫—Ç—É—Ä—É —Å–ø–∏—Å–∫–∞ ...

You may provide a definition with
\DeclareUnicodeCharacter 


! Package inputenc Error: Unicode character —É (U+0443)
(inputenc)                not set up for use with LaTeX.

See the inputenc package documentation for explanation.
Type  H <return>  for immediate help.
 ...                                              
                                                  
l.2 ...∏–µ –∏ –Ω–µ —Ä–∞–∑—Ä—É—à–∞—é—â–∏–µ —Å—Ç—Ä—É
                                                  –∫—Ç—É—Ä—É —Å–ø–∏—Å–∫–∞ —Ñ...

You may provide a definition with
\DeclareUnicodeCharacter 


! Package inputenc Error: Unicode character –∫ (U+043A)
(inputenc)                not set up for use with LaTeX.

See the inputenc package documentation for explanation.
Type  H <return>  for immediate help.
 ...                                              
                                                  
l.2 ...µ –∏ –Ω–µ —Ä–∞–∑—Ä—É—à–∞—é—â–∏–µ —Å—Ç—Ä—É–∫
                                                  —Ç—É—Ä—É —Å–ø–∏—Å–∫–∞ —Ñ—É...

You may provide a definition with
\DeclareUnicodeCharacter 


! Package inputenc Error: Unicode character —Ç (U+0442)
(inputenc)                not set up for use with LaTeX.

See the inputenc package documentation for explanation.
Type  H <return>  for immediate help.
 ...                                              
                                                  
l.2 ...–∏ –Ω–µ —Ä–∞–∑—Ä—É—à–∞—é—â–∏–µ —Å—Ç—Ä—É–∫—Ç
                                                  —É—Ä—É —Å–ø–∏—Å–∫–∞ —Ñ—É–Ω...

You may provide a definition with
\DeclareUnicodeCharacter 


! Package inputenc Error: Unicode character —É (U+0443)
(inputenc)                not set up for use with LaTeX.

See the inputenc package documentation for explanation.
Type  H <return>  for immediate help.
 ...                                              
                                                  
l.2 ... –Ω–µ —Ä–∞–∑—Ä—É—à–∞—é—â–∏–µ —Å—Ç—Ä—É–∫—Ç—É
                                                  —Ä—É —Å–ø–∏—Å–∫–∞ —Ñ—É–Ω–∫...

You may provide a definition with
\DeclareUnicodeCharacter 


! Package inputenc Error: Unicode character —Ä (U+0440)
(inputenc)                not set up for use with LaTeX.

See the inputenc package documentation for explanation.
Type  H <return>  for immediate help.
 ...                                              
                                                  
l.2 ...Ω–µ —Ä–∞–∑—Ä—É—à–∞—é—â–∏–µ —Å—Ç—Ä—É–∫—Ç—É—Ä
                                                  —É —Å–ø–∏—Å–∫–∞ —Ñ—É–Ω–∫—Ü...

You may provide a definition with
\DeclareUnicodeCharacter 


! Package inputenc Error: Unicode character —É (U+0443)
(inputenc)                not set up for use with LaTeX.

See the inputenc package documentation for explanation.
Type  H <return>  for immediate help.
 ...                                              
                                                  
l.2 ...µ —Ä–∞–∑—Ä—É—à–∞—é—â–∏–µ —Å—Ç—Ä—É–∫—Ç—É—Ä—É
                                                   —Å–ø–∏—Å–∫–∞ —Ñ—É–Ω–∫—Ü–∏–∏}

You may provide a definition with
\DeclareUnicodeCharacter 


! Package inputenc Error: Unicode character —Å (U+0441)
(inputenc)                not set up for use with LaTeX.

See the inputenc package documentation for explanation.
Type  H <return>  for immediate help.
 ...                                              
                                                  
l.2 ...Ä–∞–∑—Ä—É—à–∞—é—â–∏–µ —Å—Ç—Ä—É–∫—Ç—É—Ä—É —Å
                                                  –ø–∏—Å–∫–∞ —Ñ—É–Ω–∫—Ü–∏–∏}
You may provide a definition with
\DeclareUnicodeCharacter 


! Package inputenc Error: Unicode character –ø (U+043F)
(inputenc)                not set up for use with LaTeX.

See the inputenc package documentation for explanation.
Type  H <return>  for immediate help.
 ...                                              
                                                  
l.2 ...∞–∑—Ä—É—à–∞—é—â–∏–µ —Å—Ç—Ä—É–∫—Ç—É—Ä—É —Å–ø
                                                  –∏—Å–∫–∞ —Ñ—É–Ω–∫—Ü–∏–∏}
You may provide a definition with
\DeclareUnicodeCharacter 


! Package inputenc Error: Unicode character –∏ (U+0438)
(inputenc)                not set up for use with LaTeX.

See the inputenc package documentation for explanation.
Type  H <return>  for immediate help.
 ...                                              
                                                  
l.2 ...∑—Ä—É—à–∞—é—â–∏–µ —Å—Ç—Ä—É–∫—Ç—É—Ä—É —Å–ø–∏
                                                  —Å–∫–∞ —Ñ—É–Ω–∫—Ü–∏–∏}
You may provide a definition with
\DeclareUnicodeCharacter 


! Package inputenc Error: Unicode character —Å (U+0441)
(inputenc)                not set up for use with LaTeX.

See the inputenc package documentation for explanation.
Type  H <return>  for immediate help.
 ...                                              
                                                  
l.2 ...Ä—É—à–∞—é—â–∏–µ —Å—Ç—Ä—É–∫—Ç—É—Ä—É —Å–ø–∏—Å
                                                  –∫–∞ —Ñ—É–Ω–∫—Ü–∏–∏}
You may provide a definition with
\DeclareUnicodeCharacter 


! Package inputenc Error: Unicode character –∫ (U+043A)
(inputenc)                not set up for use with LaTeX.

See the inputenc package documentation for explanation.
Type  H <return>  for immediate help.
 ...                                              
                                                  
l.2 ...É—à–∞—é—â–∏–µ —Å—Ç—Ä—É–∫—Ç—É—Ä—É —Å–ø–∏—Å–∫
                                                  –∞ —Ñ—É–Ω–∫—Ü–∏–∏}
You may provide a definition with
\DeclareUnicodeCharacter 


! Package inputenc Error: Unicode character –∞ (U+0430)
(inputenc)                not set up for use with LaTeX.

See the inputenc package documentation for explanation.
Type  H <return>  for immediate help.
 ...                                              
                                                  
l.2 ...à–∞—é—â–∏–µ —Å—Ç—Ä—É–∫—Ç—É—Ä—É —Å–ø–∏—Å–∫–∞
                                                   —Ñ—É–Ω–∫—Ü–∏–∏}
You may provide a definition with
\DeclareUnicodeCharacter 


! Package inputenc Error: Unicode character —Ñ (U+0444)
(inputenc)                not set up for use with LaTeX.

See the inputenc package documentation for explanation.
Type  H <return>  for immediate help.
 ...                                              
                                                  
l.2 ...—é—â–∏–µ —Å—Ç—Ä—É–∫—Ç—É—Ä—É —Å–ø–∏—Å–∫–∞ —Ñ
                                                  —É–Ω–∫—Ü–∏–∏}
You may provide a definition with
\DeclareUnicodeCharacter 


! Package inputenc Error: Unicode character —É (U+0443)
(inputenc)                not set up for use with LaTeX.

See the inputenc package documentation for explanation.
Type  H <return>  for immediate help.
 ...                                              
                                                  
l.2 ...—â–∏–µ —Å—Ç—Ä—É–∫—Ç—É—Ä—É —Å–ø–∏—Å–∫–∞ —Ñ—É
                                                  –Ω–∫—Ü–∏–∏}
You may provide a definition with
\DeclareUnicodeCharacter 


! Package inputenc Error: Unicode character –Ω (U+043D)
(inputenc)                not set up for use with LaTeX.

See the inputenc package documentation for explanation.
Type  H <return>  for immediate help.
 ...                                              
                                                  
l.2 ...–∏–µ —Å—Ç—Ä—É–∫—Ç—É—Ä—É —Å–ø–∏—Å–∫–∞ —Ñ—É–Ω
                                                  –∫—Ü–∏–∏}
You may provide a definition with
\DeclareUnicodeCharacter 


! Package inputenc Error: Unicode character –∫ (U+043A)
(inputenc)                not set up for use with LaTeX.

See the inputenc package documentation for explanation.
Type  H <return>  for immediate help.
 ...                                              
                                                  
l.2 ...–µ —Å—Ç—Ä—É–∫—Ç—É—Ä—É —Å–ø–∏—Å–∫–∞ —Ñ—É–Ω–∫
                                                  —Ü–∏–∏}
You may provide a definition with
\DeclareUnicodeCharacter 


! Package inputenc Error: Unicode character —Ü (U+0446)
(inputenc)                not set up for use with LaTeX.

See the inputenc package documentation for explanation.
Type  H <return>  for immediate help.
 ...                                              
                                                  
l.2 ... —Å—Ç—Ä—É–∫—Ç—É—Ä—É —Å–ø–∏—Å–∫–∞ —Ñ—É–Ω–∫—Ü
                                                  –∏–∏}
You may provide a definition with
\DeclareUnicodeCharacter 


! Package inputenc Error: Unicode character –∏ (U+0438)
(inputenc)                not set up for use with LaTeX.

See the inputenc package documentation for explanation.
Type  H <return>  for immediate help.
 ...                                              
                                                  
l.2 ...Å—Ç—Ä—É–∫—Ç—É—Ä—É —Å–ø–∏—Å–∫–∞ —Ñ—É–Ω–∫—Ü–∏
                                                  –∏}
You may provide a definition with
\DeclareUnicodeCharacter 


! Package inputenc Error: Unicode character –∏ (U+0438)
(inputenc)                not set up for use with LaTeX.

See the inputenc package documentation for explanation.
Type  H <return>  for immediate help.
 ...                                              
                                                  
l.2 ...Ç—Ä—É–∫—Ç—É—Ä—É —Å–ø–∏—Å–∫–∞ —Ñ—É–Ω–∫—Ü–∏–∏
                                                  }
You may provide a definition with
\DeclareUnicodeCharacter 


! LaTeX Error: Missing \begin{document}.

See the LaTeX manual or LaTeX Companion for explanation.
Type  H <return>  for immediate help.
 ...                                              
                                                  
l.3 ...É—Ä–æ—Ä–∞–∑—Ä—É—à–∞—é—â–∏–µ —Ñ—É–Ω–∫—Ü–∏–∏}
                                                   -- —Ñ—É–Ω–∫—Ü–∏–∏, –∫–æ—Ç...

You're in trouble here.  Try typing  <return>  to proceed.
If that doesn't work, type  X <return>  to quit.


! Package inputenc Error: Unicode character –° (U+0421)
(inputenc)                not set up for use with LaTeX.

See the inputenc package documentation for explanation.
Type  H <return>  for immediate help.
 ...                                              
                                                  
l.3 ...É—Ä–æ—Ä–∞–∑—Ä—É—à–∞—é—â–∏–µ —Ñ—É–Ω–∫—Ü–∏–∏}
                                                   -- —Ñ—É–Ω–∫—Ü–∏–∏, –∫–æ—Ç...

You may provide a definition with
\DeclareUnicodeCharacter 


! Package inputenc Error: Unicode character —Ç (U+0442)
(inputenc)                not set up for use with LaTeX.

See the inputenc package documentation for explanation.
Type  H <return>  for immediate help.
 ...                                              
                                                  
l.3 ...É—Ä–æ—Ä–∞–∑—Ä—É—à–∞—é—â–∏–µ —Ñ—É–Ω–∫—Ü–∏–∏}
                                                   -- —Ñ—É–Ω–∫—Ü–∏–∏, –∫–æ—Ç...

You may provide a definition with
\DeclareUnicodeCharacter 


! Package inputenc Error: Unicode character —Ä (U+0440)
(inputenc)                not set up for use with LaTeX.

See the inputenc package documentation for explanation.
Type  H <return>  for immediate help.
 ...                                              
                                                  
l.3 ...É—Ä–æ—Ä–∞–∑—Ä—É—à–∞—é—â–∏–µ —Ñ—É–Ω–∫—Ü–∏–∏}
                                                   -- —Ñ—É–Ω–∫—Ü–∏–∏, –∫–æ—Ç...

You may provide a definition with
\DeclareUnicodeCharacter 


! Package inputenc Error: Unicode character —É (U+0443)
(inputenc)                not set up for use with LaTeX.

See the inputenc package documentation for explanation.
Type  H <return>  for immediate help.
 ...                                              
                                                  
l.3 ...É—Ä–æ—Ä–∞–∑—Ä—É—à–∞—é—â–∏–µ —Ñ—É–Ω–∫—Ü–∏–∏}
                                                   -- —Ñ—É–Ω–∫—Ü–∏–∏, –∫–æ—Ç...

You may provide a definition with
\DeclareUnicodeCharacter 


! Package inputenc Error: Unicode character –∫ (U+043A)
(inputenc)                not set up for use with LaTeX.

See the inputenc package documentation for explanation.
Type  H <return>  for immediate help.
 ...                                              
                                                  
l.3 ...É—Ä–æ—Ä–∞–∑—Ä—É—à–∞—é—â–∏–µ —Ñ—É–Ω–∫—Ü–∏–∏}
                                                   -- —Ñ—É–Ω–∫—Ü–∏–∏, –∫–æ—Ç...

You may provide a definition with
\DeclareUnicodeCharacter 


! Package inputenc Error: Unicode character —Ç (U+0442)
(inputenc)                not set up for use with LaTeX.

See the inputenc package documentation for explanation.
Type  H <return>  for immediate help.
 ...                                              
                                                  
l.3 ...É—Ä–æ—Ä–∞–∑—Ä—É—à–∞—é—â–∏–µ —Ñ—É–Ω–∫—Ü–∏–∏}
                                                   -- —Ñ—É–Ω–∫—Ü–∏–∏, –∫–æ—Ç...

You may provide a definition with
\DeclareUnicodeCharacter 


! Package inputenc Error: Unicode character —É (U+0443)
(inputenc)                not set up for use with LaTeX.

See the inputenc package documentation for explanation.
Type  H <return>  for immediate help.
 ...                                              
                                                  
l.3 ...É—Ä–æ—Ä–∞–∑—Ä—É—à–∞—é—â–∏–µ —Ñ—É–Ω–∫—Ü–∏–∏}
                                                   -- —Ñ—É–Ω–∫—Ü–∏–∏, –∫–æ—Ç...

You may provide a definition with
\DeclareUnicodeCharacter 


! Package inputenc Error: Unicode character —Ä (U+0440)
(inputenc)                not set up for use with LaTeX.

See the inputenc package documentation for explanation.
Type  H <return>  for immediate help.
 ...                                              
                                                  
l.3 ...É—Ä–æ—Ä–∞–∑—Ä—É—à–∞—é—â–∏–µ —Ñ—É–Ω–∫—Ü–∏–∏}
                                                   -- —Ñ—É–Ω–∫—Ü–∏–∏, –∫–æ—Ç...

You may provide a definition with
\DeclareUnicodeCharacter 


! Package inputenc Error: Unicode character –æ (U+043E)
(inputenc)                not set up for use with LaTeX.

See the inputenc package documentation for explanation.
Type  H <return>  for immediate help.
 ...                                              
                                                  
l.3 ...É—Ä–æ—Ä–∞–∑—Ä—É—à–∞—é—â–∏–µ —Ñ—É–Ω–∫—Ü–∏–∏}
                                                   -- —Ñ—É–Ω–∫—Ü–∏–∏, –∫–æ—Ç...

You may provide a definition with
\DeclareUnicodeCharacter 


! Package inputenc Error: Unicode character —Ä (U+0440)
(inputenc)                not set up for use with LaTeX.

See the inputenc package documentation for explanation.
Type  H <return>  for immediate help.
 ...                                              
                                                  
l.3 ...É—Ä–æ—Ä–∞–∑—Ä—É—à–∞—é—â–∏–µ —Ñ—É–Ω–∫—Ü–∏–∏}
                                                   -- —Ñ—É–Ω–∫—Ü–∏–∏, –∫–æ—Ç...

You may provide a definition with
\DeclareUnicodeCharacter 


! Package inputenc Error: Unicode character –∞ (U+0430)
(inputenc)                not set up for use with LaTeX.

See the inputenc package documentation for explanation.
Type  H <return>  for immediate help.
 ...                                              
                                                  
l.3 ...É—Ä–æ—Ä–∞–∑—Ä—É—à–∞—é—â–∏–µ —Ñ—É–Ω–∫—Ü–∏–∏}
                                                   -- —Ñ—É–Ω–∫—Ü–∏–∏, –∫–æ—Ç...

You may provide a definition with
\DeclareUnicodeCharacter 


! Package inputenc Error: Unicode character –∑ (U+0437)
(inputenc)                not set up for use with LaTeX.

See the inputenc package documentation for explanation.
Type  H <return>  for immediate help.
 ...                                              
                                                  
l.3 ...É—Ä–æ—Ä–∞–∑—Ä—É—à–∞—é—â–∏–µ —Ñ—É–Ω–∫—Ü–∏–∏}
                                                   -- —Ñ—É–Ω–∫—Ü–∏–∏, –∫–æ—Ç...

You may provide a definition with
\DeclareUnicodeCharacter 


! Package inputenc Error: Unicode character —Ä (U+0440)
(inputenc)                not set up for use with LaTeX.

See the inputenc package documentation for explanation.
Type  H <return>  for immediate help.
 ...                                              
                                                  
l.3 ...É—Ä–æ—Ä–∞–∑—Ä—É—à–∞—é—â–∏–µ —Ñ—É–Ω–∫—Ü–∏–∏}
                                                   -- —Ñ—É–Ω–∫—Ü–∏–∏, –∫–æ—Ç...

You may provide a definition with
\DeclareUnicodeCharacter 


! Package inputenc Error: Unicode character —É (U+0443)
(inputenc)                not set up for use with LaTeX.

See the inputenc package documentation for explanation.
Type  H <return>  for immediate help.
 ...                                              
                                                  
l.3 ...É—Ä–æ—Ä–∞–∑—Ä—É—à–∞—é—â–∏–µ —Ñ—É–Ω–∫—Ü–∏–∏}
                                                   -- —Ñ—É–Ω–∫—Ü–∏–∏, –∫–æ—Ç...

You may provide a definition with
\DeclareUnicodeCharacter 


! Package inputenc Error: Unicode character —à (U+0448)
(inputenc)                not set up for use with LaTeX.

See the inputenc package documentation for explanation.
Type  H <return>  for immediate help.
 ...                                              
                                                  
l.3 ...É—Ä–æ—Ä–∞–∑—Ä—É—à–∞—é—â–∏–µ —Ñ—É–Ω–∫—Ü–∏–∏}
                                                   -- —Ñ—É–Ω–∫—Ü–∏–∏, –∫–æ—Ç...

You may provide a definition with
\DeclareUnicodeCharacter 


! Package inputenc Error: Unicode character –∞ (U+0430)
(inputenc)                not set up for use with LaTeX.

See the inputenc package documentation for explanation.
Type  H <return>  for immediate help.
 ...                                              
                                                  
l.3 ...É—Ä–æ—Ä–∞–∑—Ä—É—à–∞—é—â–∏–µ —Ñ—É–Ω–∫—Ü–∏–∏}
                                                   -- —Ñ—É–Ω–∫—Ü–∏–∏, –∫–æ—Ç...

You may provide a definition with
\DeclareUnicodeCharacter 


! Package inputenc Error: Unicode character —é (U+044E)
(inputenc)                not set up for use with LaTeX.

See the inputenc package documentation for explanation.
Type  H <return>  for immediate help.
 ...                                              
                                                  
l.3 ...É—Ä–æ—Ä–∞–∑—Ä—É—à–∞—é—â–∏–µ —Ñ—É–Ω–∫—Ü–∏–∏}
                                                   -- —Ñ—É–Ω–∫—Ü–∏–∏, –∫–æ—Ç...

You may provide a definition with
\DeclareUnicodeCharacter 


! Package inputenc Error: Unicode character —â (U+0449)
(inputenc)                not set up for use with LaTeX.

See the inputenc package documentation for explanation.
Type  H <return>  for immediate help.
 ...                                              
                                                  
l.3 ...É—Ä–æ—Ä–∞–∑—Ä—É—à–∞—é—â–∏–µ —Ñ—É–Ω–∫—Ü–∏–∏}
                                                   -- —Ñ—É–Ω–∫—Ü–∏–∏, –∫–æ—Ç...

You may provide a definition with
\DeclareUnicodeCharacter 


! Package inputenc Error: Unicode character –∏ (U+0438)
(inputenc)                not set up for use with LaTeX.

See the inputenc package documentation for explanation.
Type  H <return>  for immediate help.
 ...                                              
                                                  
l.3 ...É—Ä–æ—Ä–∞–∑—Ä—É—à–∞—é—â–∏–µ —Ñ—É–Ω–∫—Ü–∏–∏}
                                                   -- —Ñ—É–Ω–∫—Ü–∏–∏, –∫–æ—Ç...

You may provide a definition with
\DeclareUnicodeCharacter 


! Package inputenc Error: Unicode character –µ (U+0435)
(inputenc)                not set up for use with LaTeX.

See the inputenc package documentation for explanation.
Type  H <return>  for immediate help.
 ...                                              
                                                  
l.3 ...É—Ä–æ—Ä–∞–∑—Ä—É—à–∞—é—â–∏–µ —Ñ—É–Ω–∫—Ü–∏–∏}
                                                   -- —Ñ—É–Ω–∫—Ü–∏–∏, –∫–æ—Ç...

You may provide a definition with
\DeclareUnicodeCharacter 


! Package inputenc Error: Unicode character —Ñ (U+0444)
(inputenc)                not set up for use with LaTeX.

See the inputenc package documentation for explanation.
Type  H <return>  for immediate help.
 ...                                              
                                                  
l.3 ...É—Ä–æ—Ä–∞–∑—Ä—É—à–∞—é—â–∏–µ —Ñ—É–Ω–∫—Ü–∏–∏}
                                                   -- —Ñ—É–Ω–∫—Ü–∏–∏, –∫–æ—Ç...
(That makes 100 errors; please try again.) 
Here is how much of TeX's memory you used:
 42 strings out of 479304
 736 string characters out of 5869779
 271122 words of memory out of 5000000
 17332 multiletter control sequences out of 15000+600000
 403776 words of font info for 28 fonts, out of 8000000 for 9000
 1141 hyphenation exceptions out of 8191
 13i,1n,15p,380b,68s stack positions out of 5000i,500n,10000p,200000b,80000s

!  ==> Fatal error occurred, no output PDF file produced!
